#
# A fatal error has been detected by the Java Runtime Environment:
#
#  SIGSEGV (0xb) at pc=0x00007f2a7cfe9b0e, pid=27540, tid=0x00007f2a67be1700
#
# JRE version: OpenJDK Runtime Environment (8.0_112-b06) (build 1.8.0_112-release-b06)
# Java VM: OpenJDK 64-Bit Server VM (25.112-b06 mixed mode linux-amd64 compressed oops)
# Problematic frame:
# V  [libjvm.so+0x5f1b0e]  InstanceKlass::oop_follow_contents(ParCompactionManager*, oopDesc*)+0x2de
#
# Failed to write core dump. Core dumps have been disabled. To enable core dumping, try "ulimit -c unlimited" before starting Java again
#
# If you would like to submit a bug report, please visit:
#   http://bugreport.java.com/bugreport/crash.jsp
#

---------------  T H R E A D  ---------------

Current thread (0x00007f2a78021000):  GCTaskThread [stack: 0x00007f2a67ae1000,0x00007f2a67be2000] [id=27545]

siginfo: si_signo: 11 (SIGSEGV), si_code: 128 (SI_KERNEL), si_addr: 0x0000000000000000

Registers:
RAX=0x0000000000000000, RBX=0x0000000080000000, RCX=0x0000000000000000, RDX=0x0000000000000001
RSP=0x00007f2a67be0bf0, RBP=0x00007f2a67be0c50, RSI=0x00007f2a64ae1000, RDI=0x007ffffffff00000
R8 =0x0000000080000000, R9 =0x000000000000085e, R10=0x00007f2a7d8c6340, R11=0x0000000002000000
R12=0x00007f2a780709f0, R13=0x000000010000ec50, R14=0x00000000a02b9bc4, R15=0x00000000a02b9be0
RIP=0x00007f2a7cfe9b0e, EFLAGS=0x0000000000010206, CSGSFS=0x002b000000000033, ERR=0x0000000000000000
  TRAPNO=0x000000000000000d

Top of Stack: (sp=0x00007f2a67be0bf0)
0x00007f2a67be0bf0:   00007f2a7d8c6340 00007f2a78070a30
0x00007f2a67be0c00:   00000000a02b9ba0 000000010000ec58
0x00007f2a67be0c10:   00007f2a7d8c6340 0000000000000003
0x00007f2a67be0c20:   00007f2a78021510 00007f2a7d8c23d0
0x00007f2a67be0c30:   00007f2a780235e0 00007f2a780709f0
0x00007f2a67be0c40:   00007f2a78021510 00007f2a780214c0
0x00007f2a67be0c50:   00007f2a67be0d20 00007f2a7d2a0892
0x00007f2a67be0c60:   00007f2a78070ab0 00007f2a78070a80
0x00007f2a67be0c70:   00007f2a78070ab0 0000000000000400
0x00007f2a67be0c80:   00007f2a78070a00 0000000000000400
0x00007f2a67be0c90:   00007f2a78070a30 00007f2a7d8bb8f4
0x00007f2a67be0ca0:   00000000a07a16d0 00007f2a7d2a82eb
0x00007f2a67be0cb0:   00000000a02b9ba0 0000000000000c00
0x00007f2a67be0cc0:   0000000000000000 0000000000000000
0x00007f2a67be0cd0:   0000000200000000 00007f2a24009800
0x00007f2a67be0ce0:   00007f2a67be0d01 00007f2a67be0d01
0x00007f2a67be0cf0:   00007f2a780235b0 00007f2a78021500
0x00007f2a67be0d00:   00007f2a780235e0 00007f2a780709f0
0x00007f2a67be0d10:   00007f2a78021510 00007f2a780214c0
0x00007f2a67be0d20:   00007f2a67be0e00 00007f2a7d28567c
0x00007f2a67be0d30:   00007f2a7d881e70 00007f2a67be0d50
0x00007f2a67be0d40:   00000000000003d8 00007f2a780218e8
0x00007f2a67be0d50:   00007f2a7d881e70 00007f2a7801eb00
0x00007f2a67be0d60:   00007f2a780709f0 0000000000000000
0x00007f2a67be0d70:   00007f2a7d87a740 00007f2a78021000
0x00007f2a67be0d80:   00007f2a67be0d50 00007f2a7d208700
0x00007f2a67be0d90:   00007f2a7d87a6a0 00007f2a78021000
0x00007f2a67be0da0:   00007f2a67be0d50 00007f2a7d87a680
0x00007f2a67be0db0:   00007f2a67be0d00 00007f2a67be0d50
0x00007f2a67be0dc0:   00007f2a7801eb01 00007f2a7801eb70
0x00007f2a67be0dd0:   00007f2a67be0e00 0000000000000001
0x00007f2a67be0de0:   00007f2a780235e0 00007f2a7d45dc9e 

Instructions: (pc=0x00007f2a7cfe9b0e)
0x00007f2a7cfe9aee:   00 00 00 48 89 d8 49 2b 02 48 c1 e8 03 48 d3 e8
0x00007f2a7cfe9afe:   48 89 c7 83 e0 3f 48 c1 ef 06 48 89 c1 48 d3 e2
0x00007f2a7cfe9b0e:   48 85 14 fe 75 9c 48 89 df 4c 89 55 c0 e8 50 53
0x00007f2a7cfe9b1e:   e9 ff 4c 8b 55 c0 48 63 c8 48 89 de 48 89 ca 48 

Register to memory mapping:

RAX=0x0000000000000000 is an unknown value
RBX=0x0000000080000000 is an unknown value
RCX=0x0000000000000000 is an unknown value
RDX=0x0000000000000001 is an unknown value
RSP=0x00007f2a67be0bf0 is an unknown value
RBP=0x00007f2a67be0c50 is an unknown value
RSI=0x00007f2a64ae1000 is an unknown value
RDI=0x007ffffffff00000 is an unknown value
R8 =0x0000000080000000 is an unknown value
R9 =0x000000000000085e is an unknown value
R10=0x00007f2a7d8c6340: <offset 0xece340> in /home/ahmed/Android_Studio_Plus_Projects/android-studio/jre/jre/lib/amd64/server/libjvm.so at 0x00007f2a7c9f8000
R11=0x0000000002000000 is an unknown value
R12=0x00007f2a780709f0 is an unknown value
R13=0x000000010000ec50 is pointing into metadata
R14=0x00000000a02b9bc4 is pointing into object: 0x00000000a02b9ba0
java.net.URL 
 - klass: 'java/net/URL'
R15=0x00000000a02b9be0 is an oop
java.lang.String 
 - klass: 'java/lang/String'


Stack: [0x00007f2a67ae1000,0x00007f2a67be2000],  sp=0x00007f2a67be0bf0,  free space=1022k
Native frames: (J=compiled Java code, j=interpreted, Vv=VM code, C=native code)
V  [libjvm.so+0x5f1b0e]  InstanceKlass::oop_follow_contents(ParCompactionManager*, oopDesc*)+0x2de
V  [libjvm.so+0x8a8892]  ParCompactionManager::follow_marking_stacks()+0x402
V  [libjvm.so+0x88d67c]  ThreadRootsMarkingTask::do_it(GCTaskManager*, unsigned int)+0x12c
V  [libjvm.so+0x5816c2]  GCTaskThread::run()+0x162
V  [libjvm.so+0x849c82]  java_start(Thread*)+0xf2


---------------  P R O C E S S  ---------------

Java Threads: ( => current thread )
  0x00007f2a24009800 JavaThread "Stdin handler" [_thread_blocked, id=27564, stack(0x00007f2a606e7000,0x00007f2a607e8000)]
  0x00007f2a24008000 JavaThread "Asynchronous log dispatcher for DefaultDaemonConnection: socket connection from /127.0.0.1:43891 to /127.0.0.1:36530" [_thread_blocked, id=27563, stack(0x00007f2a607e8000,0x00007f2a608e9000)]
  0x00007f2a2c007000 JavaThread "Daemon worker" [_thread_blocked, id=27560, stack(0x00007f2a608e9000,0x00007f2a609ea000)]
  0x00007f2a2c004000 JavaThread "Cancel handler" [_thread_blocked, id=27559, stack(0x00007f2a609ea000,0x00007f2a60aeb000)]
  0x00007f2a78c77000 JavaThread "pool-1-thread-1" [_thread_blocked, id=27558, stack(0x00007f2a60aeb000,0x00007f2a60bec000)]
  0x00007f2a2c005800 JavaThread "Handler for socket connection from /127.0.0.1:43891 to /127.0.0.1:36530" [_thread_in_native, id=27557, stack(0x00007f2a60dec000,0x00007f2a60eed000)]
  0x00007f2a38036800 JavaThread "Daemon" [_thread_blocked, id=27556, stack(0x00007f2a60eed000,0x00007f2a60fee000)]
  0x00007f2a78c16000 JavaThread "Incoming local TCP Connector on port 43891" [_thread_in_native, id=27555, stack(0x00007f2a611f5000,0x00007f2a612f6000)]
  0x00007f2a780ba800 JavaThread "Service Thread" daemon [_thread_blocked, id=27552, stack(0x00007f2a62aba000,0x00007f2a62bbb000)]
  0x00007f2a780b7800 JavaThread "C1 CompilerThread1" daemon [_thread_blocked, id=27551, stack(0x00007f2a62bbb000,0x00007f2a62cbc000)]
  0x00007f2a780b5000 JavaThread "C2 CompilerThread0" daemon [_thread_blocked, id=27550, stack(0x00007f2a62cbc000,0x00007f2a62dbd000)]
  0x00007f2a780b3800 JavaThread "Signal Dispatcher" daemon [_thread_blocked, id=27549, stack(0x00007f2a62dbd000,0x00007f2a62ebe000)]
  0x00007f2a7807f800 JavaThread "Finalizer" daemon [_thread_blocked, id=27548, stack(0x00007f2a63197000,0x00007f2a63298000)]
  0x00007f2a7807b000 JavaThread "Reference Handler" daemon [_thread_blocked, id=27547, stack(0x00007f2a63298000,0x00007f2a63399000)]
  0x00007f2a7800a000 JavaThread "main" [_thread_blocked, id=27542, stack(0x00007f2a7e3f7000,0x00007f2a7e4f8000)]

Other Threads:
  0x00007f2a78073800 VMThread [stack: 0x00007f2a63399000,0x00007f2a6349a000] [id=27546]
  0x00007f2a780bd000 WatcherThread [stack: 0x00007f2a629b9000,0x00007f2a62aba000] [id=27553]

=>0x00007f2a78021000 (exited) GCTaskThread [stack: 0x00007f2a67ae1000,0x00007f2a67be2000] [id=27545]

VM state:at safepoint (normal execution)

VM Mutex/Monitor currently owned by a thread:  ([mutex/lock_event])
[0x00007f2a78006630] Threads_lock - owner thread: 0x00007f2a78073800
[0x00007f2a78006b30] Heap_lock - owner thread: 0x00007f2a2c007000

Heap:
 PSYoungGen      total 50688K, used 3552K [0x00000000e0000000, 0x00000000e6f00000, 0x0000000100000000)
  eden space 47104K, 0% used [0x00000000e0000000,0x00000000e0000000,0x00000000e2e00000)
  from space 3584K, 99% used [0x00000000e2e00000,0x00000000e3178010,0x00000000e3180000)
  to   space 9728K, 0% used [0x00000000e6580000,0x00000000e6580000,0x00000000e6f00000)
 ParOldGen       total 61440K, used 10495K [0x00000000a0000000, 0x00000000a3c00000, 0x00000000e0000000)
  object space 61440K, 17% used [0x00000000a0000000,0x00000000a0a3fd80,0x00000000a3c00000)
 Metaspace       used 20904K, capacity 21164K, committed 21296K, reserved 1067008K
  class space    used 2747K, capacity 2838K, committed 2864K, reserved 1048576K

Card table byte_map: [0x00007f2a67ee3000,0x00007f2a681e4000] byte_map_base: 0x00007f2a679e3000

Marking Bits: (ParMarkBitMap*) 0x00007f2a7d8c6340
 Begin Bits: [0x00007f2a64ae1000, 0x00007f2a662e1000)
 End Bits:   [0x00007f2a662e1000, 0x00007f2a67ae1000)

Polling page: 0x00007f2a7e519000

CodeCache: size=245760Kb used=6100Kb max_used=6100Kb free=239660Kb
 bounds [0x00007f2a685a4000, 0x00007f2a68ba4000, 0x00007f2a775a4000]
 total_blobs=2229 nmethods=1603 adapters=540
 compilation: enabled

Compilation events (10 events):
Event: 8.963 Thread 0x00007f2a780b7800 1615       3       org.objectweb.asm.ClassWriter::a (15 bytes)
Event: 8.964 Thread 0x00007f2a780b7800 nmethod 1615 0x00007f2a68b95a90 code [0x00007f2a68b95c20, 0x00007f2a68b95e18]
Event: 8.964 Thread 0x00007f2a780b7800 1616       3       org.objectweb.asm.Type::getDescriptor (18 bytes)
Event: 8.965 Thread 0x00007f2a780b7800 nmethod 1616 0x00007f2a68b95f50 code [0x00007f2a68b960e0, 0x00007f2a68b96518]
Event: 8.965 Thread 0x00007f2a780b7800 1617       3       org.objectweb.asm.Type::getType (107 bytes)
Event: 8.966 Thread 0x00007f2a780b7800 nmethod 1617 0x00007f2a68b966d0 code [0x00007f2a68b96900, 0x00007f2a68b97408]
Event: 8.967 Thread 0x00007f2a780b7800 1618       3       org.objectweb.asm.Type::a (87 bytes)
Event: 8.970 Thread 0x00007f2a780b7800 nmethod 1618 0x00007f2a68b977d0 code [0x00007f2a68b97aa0, 0x00007f2a68b99658]
Event: 8.975 Thread 0x00007f2a780b7800 1619       3       org.objectweb.asm.ByteVector::putInt (74 bytes)
Event: 8.975 Thread 0x00007f2a780b7800 nmethod 1619 0x00007f2a68b9a710 code [0x00007f2a68b9a880, 0x00007f2a68b9ab08]

GC Heap History (10 events):
Event: 1.974 GC heap after
Heap after GC invocations=1 (full 0):
 PSYoungGen      total 27136K, used 3555K [0x00000000e0000000, 0x00000000e1e00000, 0x0000000100000000)
  eden space 23552K, 0% used [0x00000000e0000000,0x00000000e0000000,0x00000000e1700000)
  from space 3584K, 99% used [0x00000000e1700000,0x00000000e1a78dd8,0x00000000e1a80000)
  to   space 3584K, 0% used [0x00000000e1a80000,0x00000000e1a80000,0x00000000e1e00000)
 ParOldGen       total 61440K, used 288K [0x00000000a0000000, 0x00000000a3c00000, 0x00000000e0000000)
  object space 61440K, 0% used [0x00000000a0000000,0x00000000a0048128,0x00000000a3c00000)
 Metaspace       used 6629K, capacity 6728K, committed 6784K, reserved 1056768K
  class space    used 822K, capacity 856K, committed 896K, reserved 1048576K
}
Event: 3.040 GC heap before
{Heap before GC invocations=2 (full 0):
 PSYoungGen      total 27136K, used 27107K [0x00000000e0000000, 0x00000000e1e00000, 0x0000000100000000)
  eden space 23552K, 100% used [0x00000000e0000000,0x00000000e1700000,0x00000000e1700000)
  from space 3584K, 99% used [0x00000000e1700000,0x00000000e1a78dd8,0x00000000e1a80000)
  to   space 3584K, 0% used [0x00000000e1a80000,0x00000000e1a80000,0x00000000e1e00000)
 ParOldGen       total 61440K, used 288K [0x00000000a0000000, 0x00000000a3c00000, 0x00000000e0000000)
  object space 61440K, 0% used [0x00000000a0000000,0x00000000a0048128,0x00000000a3c00000)
 Metaspace       used 7606K, capacity 7776K, committed 8064K, reserved 1056768K
  class space    used 978K, capacity 1056K, committed 1152K, reserved 1048576K
Event: 3.064 GC heap after
Heap after GC invocations=2 (full 0):
 PSYoungGen      total 27136K, used 3231K [0x00000000e0000000, 0x00000000e3500000, 0x0000000100000000)
  eden space 23552K, 0% used [0x00000000e0000000,0x00000000e0000000,0x00000000e1700000)
  from space 3584K, 90% used [0x00000000e1a80000,0x00000000e1da7df0,0x00000000e1e00000)
  to   space 3584K, 0% used [0x00000000e1700000,0x00000000e1700000,0x00000000e1a80000)
 ParOldGen       total 61440K, used 296K [0x00000000a0000000, 0x00000000a3c00000, 0x00000000e0000000)
  object space 61440K, 0% used [0x00000000a0000000,0x00000000a004a128,0x00000000a3c00000)
 Metaspace       used 7606K, capacity 7776K, committed 8064K, reserved 1056768K
  class space    used 978K, capacity 1056K, committed 1152K, reserved 1048576K
}
Event: 5.346 GC heap before
{Heap before GC invocations=3 (full 0):
 PSYoungGen      total 27136K, used 26783K [0x00000000e0000000, 0x00000000e3500000, 0x0000000100000000)
  eden space 23552K, 100% used [0x00000000e0000000,0x00000000e1700000,0x00000000e1700000)
  from space 3584K, 90% used [0x00000000e1a80000,0x00000000e1da7df0,0x00000000e1e00000)
  to   space 3584K, 0% used [0x00000000e1700000,0x00000000e1700000,0x00000000e1a80000)
 ParOldGen       total 61440K, used 296K [0x00000000a0000000, 0x00000000a3c00000, 0x00000000e0000000)
  object space 61440K, 0% used [0x00000000a0000000,0x00000000a004a128,0x00000000a3c00000)
 Metaspace       used 12963K, capacity 13284K, committed 13440K, reserved 1060864K
  class space    used 1752K, capacity 1863K, committed 1920K, reserved 1048576K
Event: 5.374 GC heap after
Heap after GC invocations=3 (full 0):
 PSYoungGen      total 27136K, used 3568K [0x00000000e0000000, 0x00000000e3500000, 0x0000000100000000)
  eden space 23552K, 0% used [0x00000000e0000000,0x00000000e0000000,0x00000000e1700000)
  from space 3584K, 99% used [0x00000000e1700000,0x00000000e1a7c020,0x00000000e1a80000)
  to   space 3584K, 0% used [0x00000000e3180000,0x00000000e3180000,0x00000000e3500000)
 ParOldGen       total 61440K, used 2263K [0x00000000a0000000, 0x00000000a3c00000, 0x00000000e0000000)
  object space 61440K, 3% used [0x00000000a0000000,0x00000000a0235d18,0x00000000a3c00000)
 Metaspace       used 12963K, capacity 13284K, committed 13440K, reserved 1060864K
  class space    used 1752K, capacity 1863K, committed 1920K, reserved 1048576K
}
Event: 6.854 GC heap before
{Heap before GC invocations=4 (full 0):
 PSYoungGen      total 27136K, used 27120K [0x00000000e0000000, 0x00000000e3500000, 0x0000000100000000)
  eden space 23552K, 100% used [0x00000000e0000000,0x00000000e1700000,0x00000000e1700000)
  from space 3584K, 99% used [0x00000000e1700000,0x00000000e1a7c020,0x00000000e1a80000)
  to   space 3584K, 0% used [0x00000000e3180000,0x00000000e3180000,0x00000000e3500000)
 ParOldGen       total 61440K, used 2263K [0x00000000a0000000, 0x00000000a3c00000, 0x00000000e0000000)
  object space 61440K, 3% used [0x00000000a0000000,0x00000000a0235d18,0x00000000a3c00000)
 Metaspace       used 15482K, capacity 15772K, committed 15872K, reserved 1062912K
  class space    used 2165K, capacity 2283K, committed 2304K, reserved 1048576K
Event: 6.893 GC heap after
Heap after GC invocations=4 (full 0):
 PSYoungGen      total 50688K, used 3552K [0x00000000e0000000, 0x00000000e3500000, 0x0000000100000000)
  eden space 47104K, 0% used [0x00000000e0000000,0x00000000e0000000,0x00000000e2e00000)
  from space 3584K, 99% used [0x00000000e3180000,0x00000000e34f8030,0x00000000e3500000)
  to   space 3584K, 0% used [0x00000000e2e00000,0x00000000e2e00000,0x00000000e3180000)
 ParOldGen       total 61440K, used 5370K [0x00000000a0000000, 0x00000000a3c00000, 0x00000000e0000000)
  object space 61440K, 8% used [0x00000000a0000000,0x00000000a053ea78,0x00000000a3c00000)
 Metaspace       used 15482K, capacity 15772K, committed 15872K, reserved 1062912K
  class space    used 2165K, capacity 2283K, committed 2304K, reserved 1048576K
}
Event: 8.990 GC heap before
{Heap before GC invocations=5 (full 0):
 PSYoungGen      total 50688K, used 34757K [0x00000000e0000000, 0x00000000e3500000, 0x0000000100000000)
  eden space 47104K, 66% used [0x00000000e0000000,0x00000000e1e79750,0x00000000e2e00000)
  from space 3584K, 99% used [0x00000000e3180000,0x00000000e34f8030,0x00000000e3500000)
  to   space 3584K, 0% used [0x00000000e2e00000,0x00000000e2e00000,0x00000000e3180000)
 ParOldGen       total 61440K, used 5370K [0x00000000a0000000, 0x00000000a3c00000, 0x00000000e0000000)
  object space 61440K, 8% used [0x00000000a0000000,0x00000000a053ea78,0x00000000a3c00000)
 Metaspace       used 20904K, capacity 21164K, committed 21296K, reserved 1067008K
  class space    used 2747K, capacity 2838K, committed 2864K, reserved 1048576K
Event: 9.016 GC heap after
Heap after GC invocations=5 (full 0):
 PSYoungGen      total 50688K, used 3552K [0x00000000e0000000, 0x00000000e6f00000, 0x0000000100000000)
  eden space 47104K, 0% used [0x00000000e0000000,0x00000000e0000000,0x00000000e2e00000)
  from space 3584K, 99% used [0x00000000e2e00000,0x00000000e3178010,0x00000000e3180000)
  to   space 9728K, 0% used [0x00000000e6580000,0x00000000e6580000,0x00000000e6f00000)
 ParOldGen       total 61440K, used 10495K [0x00000000a0000000, 0x00000000a3c00000, 0x00000000e0000000)
  object space 61440K, 17% used [0x00000000a0000000,0x00000000a0a3fd80,0x00000000a3c00000)
 Metaspace       used 20904K, capacity 21164K, committed 21296K, reserved 1067008K
  class space    used 2747K, capacity 2838K, committed 2864K, reserved 1048576K
}
Event: 9.016 GC heap before
{Heap before GC invocations=6 (full 1):
 PSYoungGen      total 50688K, used 3552K [0x00000000e0000000, 0x00000000e6f00000, 0x0000000100000000)
  eden space 47104K, 0% used [0x00000000e0000000,0x00000000e0000000,0x00000000e2e00000)
  from space 3584K, 99% used [0x00000000e2e00000,0x00000000e3178010,0x00000000e3180000)
  to   space 9728K, 0% used [0x00000000e6580000,0x00000000e6580000,0x00000000e6f00000)
 ParOldGen       total 61440K, used 10495K [0x00000000a0000000, 0x00000000a3c00000, 0x00000000e0000000)
  object space 61440K, 17% used [0x00000000a0000000,0x00000000a0a3fd80,0x00000000a3c00000)
 Metaspace       used 20904K, capacity 21164K, committed 21296K, reserved 1067008K
  class space    used 2747K, capacity 2838K, committed 2864K, reserved 1048576K

Deoptimization events (10 events):
Event: 4.769 Thread 0x00007f2a2c007000 Uncommon trap: reason=bimorphic action=maybe_recompile pc=0x00007f2a68847f5c method=java.util.HashMap.putVal(ILjava/lang/Object;Ljava/lang/Object;ZZ)Ljava/lang/Object; @ 203
Event: 7.057 Thread 0x00007f2a2c007000 Uncommon trap: reason=unstable_if action=reinterpret pc=0x00007f2a6881c0a8 method=java.lang.AbstractStringBuilder.append(Ljava/lang/String;)Ljava/lang/AbstractStringBuilder; @ 1
Event: 7.058 Thread 0x00007f2a2c007000 Uncommon trap: reason=unstable_if action=reinterpret pc=0x00007f2a6873797c method=java.lang.AbstractStringBuilder.append(Ljava/lang/String;)Ljava/lang/AbstractStringBuilder; @ 1
Event: 7.271 Thread 0x00007f2a2c007000 Uncommon trap: reason=bimorphic action=maybe_recompile pc=0x00007f2a68979a94 method=java.lang.ClassLoader.loadClass(Ljava/lang/String;Z)Ljava/lang/Class; @ 38
Event: 7.271 Thread 0x00007f2a2c007000 Uncommon trap: reason=bimorphic action=maybe_recompile pc=0x00007f2a68979a94 method=java.lang.ClassLoader.loadClass(Ljava/lang/String;Z)Ljava/lang/Class; @ 38
Event: 7.273 Thread 0x00007f2a2c007000 Uncommon trap: reason=unstable_if action=reinterpret pc=0x00007f2a68820ae0 method=java.io.UnixFileSystem.normalize(Ljava/lang/String;)Ljava/lang/String; @ 60
Event: 7.274 Thread 0x00007f2a2c007000 Uncommon trap: reason=class_check action=maybe_recompile pc=0x00007f2a68773e2c method=sun.misc.URLClassPath.getLoader(I)Lsun/misc/URLClassPath$Loader; @ 94
Event: 7.274 Thread 0x00007f2a2c007000 Uncommon trap: reason=class_check action=maybe_recompile pc=0x00007f2a68846c28 method=sun.misc.URLClassPath.getResource(Ljava/lang/String;Z)Lsun/misc/Resource; @ 62
Event: 7.275 Thread 0x00007f2a2c007000 Uncommon trap: reason=bimorphic action=maybe_recompile pc=0x00007f2a68979a94 method=java.lang.ClassLoader.loadClass(Ljava/lang/String;Z)Ljava/lang/Class; @ 38
Event: 7.275 Thread 0x00007f2a2c007000 Uncommon trap: reason=bimorphic action=maybe_recompile pc=0x00007f2a68979a94 method=java.lang.ClassLoader.loadClass(Ljava/lang/String;Z)Ljava/lang/Class; @ 38

Internal exceptions (10 events):
Event: 8.746 Thread 0x00007f2a2c007000 Exception <a 'java/lang/NoSuchMethodError': <clinit>> (0x00000000e1a83470) thrown at [/ssd/Android/AOSP-openjdk/external/jetbrains/jdk/hotspot/src/share/vm/prims/jni.cpp, line 1613]
Event: 8.747 Thread 0x00007f2a2c007000 Exception <a 'java/lang/NoSuchMethodError': <clinit>> (0x00000000e1a84e00) thrown at [/ssd/Android/AOSP-openjdk/external/jetbrains/jdk/hotspot/src/share/vm/prims/jni.cpp, line 1613]
Event: 8.870 Thread 0x00007f2a2c007000 Exception <a 'java/lang/ClassNotFoundException': settings_aej6hnd402m5vy50wh80vxf76BeanInfo> (0x00000000e1bbb550) thrown at [/ssd/Android/AOSP-openjdk/external/jetbrains/jdk/hotspot/src/share/vm/classfile/systemDictionary.cpp, line 210]
Event: 8.871 Thread 0x00007f2a2c007000 Exception <a 'java/lang/ClassNotFoundException': org/gradle/initialization/SettingsScriptBeanInfo> (0x00000000e1bcb840) thrown at [/ssd/Android/AOSP-openjdk/external/jetbrains/jdk/hotspot/src/share/vm/classfile/systemDictionary.cpp, line 210]
Event: 8.872 Thread 0x00007f2a2c007000 Exception <a 'java/lang/ClassNotFoundException': org/gradle/initialization/SettingsScriptCustomizer> (0x00000000e1bdbdd0) thrown at [/ssd/Android/AOSP-openjdk/external/jetbrains/jdk/hotspot/src/share/vm/classfile/systemDictionary.cpp, line 210]
Event: 8.874 Thread 0x00007f2a2c007000 Exception <a 'java/lang/ClassNotFoundException': settings_aej6hnd402m5vy50wh80vxf76Customizer> (0x00000000e1bee678) thrown at [/ssd/Android/AOSP-openjdk/external/jetbrains/jdk/hotspot/src/share/vm/classfile/systemDictionary.cpp, line 210]
Event: 8.883 Thread 0x00007f2a2c007000 Exception <a 'java/lang/ClassNotFoundException': org/gradle/initialization/DefaultSettings_DecoratedBeanInfo> (0x00000000e1c5d188) thrown at [/ssd/Android/AOSP-openjdk/external/jetbrains/jdk/hotspot/src/share/vm/classfile/systemDictionary.cpp, line 210]
Event: 8.884 Thread 0x00007f2a2c007000 Exception <a 'java/lang/ClassNotFoundException': org/gradle/initialization/DefaultSettingsBeanInfo> (0x00000000e1c7b768) thrown at [/ssd/Android/AOSP-openjdk/external/jetbrains/jdk/hotspot/src/share/vm/classfile/systemDictionary.cpp, line 210]
Event: 8.885 Thread 0x00007f2a2c007000 Exception <a 'java/lang/ClassNotFoundException': org/gradle/initialization/DefaultSettingsCustomizer> (0x00000000e1c9b4d0) thrown at [/ssd/Android/AOSP-openjdk/external/jetbrains/jdk/hotspot/src/share/vm/classfile/systemDictionary.cpp, line 210]
Event: 8.890 Thread 0x00007f2a2c007000 Exception <a 'java/lang/ClassNotFoundException': org/gradle/initialization/DefaultSettings_DecoratedCustomizer> (0x00000000e1ced1b8) thrown at [/ssd/Android/AOSP-openjdk/external/jetbrains/jdk/hotspot/src/share/vm/classfile/systemDictionary.cpp, line 210]

Events (10 events):
Event: 8.974 loading class org/gradle/api/internal/project/DefaultProject$2 done
Event: 8.974 loading class org/gradle/model/internal/type/ModelType$Simple
Event: 8.974 loading class org/gradle/model/internal/type/ModelType$Simple done
Event: 8.976 loading class org/gradle/model/internal/type/TypeWrapper
Event: 8.976 loading class org/gradle/model/internal/type/TypeWrapper done
Event: 8.984 loading class org/gradle/model/internal/type/ClassTypeWrapper
Event: 8.984 loading class org/gradle/model/internal/type/ClassTypeWrapper done
Event: 8.986 loading class org/gradle/internal/service/scopes/ProjectScopeServices
Event: 8.986 loading class org/gradle/internal/service/scopes/ProjectScopeServices done
Event: 8.990 Executing VM operation: CollectForMetadataAllocation


Dynamic libraries:
00400000-00401000 r-xp 00000000 08:01 4194831                            /home/ahmed/Android_Studio_Plus_Projects/android-studio/jre/bin/java
00600000-00601000 r--p 00000000 08:01 4194831                            /home/ahmed/Android_Studio_Plus_Projects/android-studio/jre/bin/java
00601000-00602000 rw-p 00001000 08:01 4194831                            /home/ahmed/Android_Studio_Plus_Projects/android-studio/jre/bin/java
02402000-02423000 rw-p 00000000 00:00 0                                  [heap]
a0000000-a3c00000 rw-p 00000000 00:00 0 
a3c00000-e0000000 ---p 00000000 00:00 0 
e0000000-e6f00000 rw-p 00000000 00:00 0 
e6f00000-100000000 ---p 00000000 00:00 0 
100000000-1002cc000 rw-p 00000000 00:00 0 
1002cc000-140000000 ---p 00000000 00:00 0 
7f2a24000000-7f2a24b0a000 rw-p 00000000 00:00 0 
7f2a24b0a000-7f2a28000000 ---p 00000000 00:00 0 
7f2a2c000000-7f2a2c021000 rw-p 00000000 00:00 0 
7f2a2c021000-7f2a30000000 ---p 00000000 00:00 0 
7f2a30000000-7f2a30022000 rw-p 00000000 00:00 0 
7f2a30022000-7f2a34000000 ---p 00000000 00:00 0 
7f2a34000000-7f2a34021000 rw-p 00000000 00:00 0 
7f2a34021000-7f2a38000000 ---p 00000000 00:00 0 
7f2a38000000-7f2a3806f000 rw-p 00000000 00:00 0 
7f2a3806f000-7f2a3c000000 ---p 00000000 00:00 0 
7f2a3c000000-7f2a3c6d9000 rw-p 00000000 00:00 0 
7f2a3c6d9000-7f2a40000000 ---p 00000000 00:00 0 
7f2a40000000-7f2a40021000 rw-p 00000000 00:00 0 
7f2a40021000-7f2a44000000 ---p 00000000 00:00 0 
7f2a44000000-7f2a44021000 rw-p 00000000 00:00 0 
7f2a44021000-7f2a48000000 ---p 00000000 00:00 0 
7f2a48000000-7f2a49985000 rw-p 00000000 00:00 0 
7f2a49985000-7f2a4c000000 ---p 00000000 00:00 0 
7f2a4c000000-7f2a4c021000 rw-p 00000000 00:00 0 
7f2a4c021000-7f2a50000000 ---p 00000000 00:00 0 
7f2a50000000-7f2a50021000 rw-p 00000000 00:00 0 
7f2a50021000-7f2a54000000 ---p 00000000 00:00 0 
7f2a54000000-7f2a54282000 rw-p 00000000 00:00 0 
7f2a54282000-7f2a58000000 ---p 00000000 00:00 0 
7f2a58000000-7f2a58021000 rw-p 00000000 00:00 0 
7f2a58021000-7f2a5c000000 ---p 00000000 00:00 0 
7f2a5c000000-7f2a5c035000 rw-p 00000000 00:00 0 
7f2a5c035000-7f2a60000000 ---p 00000000 00:00 0 
7f2a6006e000-7f2a6026e000 rw-p 00000000 00:00 0 
7f2a6026e000-7f2a6046e000 rw-p 00000000 00:00 0 
7f2a6046e000-7f2a604e7000 r--s 010ed000 08:01 4194796                    /home/ahmed/Android_Studio_Plus_Projects/android-studio/jre/lib/tools.jar
7f2a604e7000-7f2a606e7000 rw-p 00000000 00:00 0 
7f2a606e7000-7f2a606ea000 ---p 00000000 00:00 0 
7f2a606ea000-7f2a607e8000 rw-p 00000000 00:00 0 
7f2a607e8000-7f2a607eb000 ---p 00000000 00:00 0 
7f2a607eb000-7f2a608e9000 rw-p 00000000 00:00 0 
7f2a608e9000-7f2a608ec000 ---p 00000000 00:00 0 
7f2a608ec000-7f2a609ea000 rw-p 00000000 00:00 0 
7f2a609ea000-7f2a609ed000 ---p 00000000 00:00 0 
7f2a609ed000-7f2a60aeb000 rw-p 00000000 00:00 0 
7f2a60aeb000-7f2a60aee000 ---p 00000000 00:00 0 
7f2a60aee000-7f2a60dec000 rw-p 00000000 00:00 0 
7f2a60dec000-7f2a60def000 ---p 00000000 00:00 0 
7f2a60def000-7f2a60eed000 rw-p 00000000 00:00 0 
7f2a60eed000-7f2a60ef0000 ---p 00000000 00:00 0 
7f2a60ef0000-7f2a60fee000 rw-p 00000000 00:00 0 
7f2a60fee000-7f2a60ff5000 r--s 00000000 08:01 8002456                    /usr/lib/x86_64-linux-gnu/gconv/gconv-modules.cache
7f2a60ff5000-7f2a611f5000 rw-p 00000000 00:00 0 
7f2a611f5000-7f2a611f8000 ---p 00000000 00:00 0 
7f2a611f8000-7f2a612f6000 rw-p 00000000 00:00 0 
7f2a612f6000-7f2a612ff000 r-xp 00000000 08:01 4194932                    /home/ahmed/Android_Studio_Plus_Projects/android-studio/jre/jre/lib/amd64/libmanagement.so
7f2a612ff000-7f2a614fe000 ---p 00009000 08:01 4194932                    /home/ahmed/Android_Studio_Plus_Projects/android-studio/jre/jre/lib/amd64/libmanagement.so
7f2a614fe000-7f2a614ff000 r--p 00008000 08:01 4194932                    /home/ahmed/Android_Studio_Plus_Projects/android-studio/jre/jre/lib/amd64/libmanagement.so
7f2a614ff000-7f2a61500000 rw-p 00009000 08:01 4194932                    /home/ahmed/Android_Studio_Plus_Projects/android-studio/jre/jre/lib/amd64/libmanagement.so
7f2a61500000-7f2a61505000 r--s 00098000 08:01 4194906                    /home/ahmed/Android_Studio_Plus_Projects/android-studio/jre/jre/lib/jsse.jar
7f2a61505000-7f2a61507000 r--s 00007000 08:01 11928397                   /home/ahmed/.gradle/wrapper/dists/gradle-3.3-all/55gk2rcmfc6p2dg9u9ohc3hw9/gradle-3.3/lib/plugins/gradle-tooling-api-builders-3.3.jar
7f2a61507000-7f2a6150a000 r--s 00009000 08:01 11928390                   /home/ahmed/.gradle/wrapper/dists/gradle-3.3-all/55gk2rcmfc6p2dg9u9ohc3hw9/gradle-3.3/lib/plugins/gradle-testing-native-3.3.jar
7f2a6150a000-7f2a61510000 r--s 00033000 08:01 11928465                   /home/ahmed/.gradle/wrapper/dists/gradle-3.3-all/55gk2rcmfc6p2dg9u9ohc3hw9/gradle-3.3/lib/plugins/snakeyaml-1.6.jar
7f2a61510000-7f2a61512000 r--s 00006000 08:01 11928464                   /home/ahmed/.gradle/wrapper/dists/gradle-3.3-all/55gk2rcmfc6p2dg9u9ohc3hw9/gradle-3.3/lib/plugins/jcommander-1.12.jar
7f2a61512000-7f2a61517000 r--s 00040000 08:01 11928463                   /home/ahmed/.gradle/wrapper/dists/gradle-3.3-all/55gk2rcmfc6p2dg9u9ohc3hw9/gradle-3.3/lib/plugins/bsh-2.0b4.jar
7f2a61517000-7f2a61519000 r--s 00009000 08:01 11928471                   /home/ahmed/.gradle/wrapper/dists/gradle-3.3-all/55gk2rcmfc6p2dg9u9ohc3hw9/gradle-3.3/lib/plugins/hamcrest-core-1.3.jar
7f2a61519000-7f2a61522000 r--s 00089000 08:01 11928422                   /home/ahmed/.gradle/wrapper/dists/gradle-3.3-all/55gk2rcmfc6p2dg9u9ohc3hw9/gradle-3.3/lib/plugins/testng-6.3.1.jar
7f2a61522000-7f2a6152a000 r--s 00045000 08:01 11928421                   /home/ahmed/.gradle/wrapper/dists/gradle-3.3-all/55gk2rcmfc6p2dg9u9ohc3hw9/gradle-3.3/lib/plugins/junit-4.12.jar
7f2a6152a000-7f2a61530000 r--s 0002e000 08:01 11928391                   /home/ahmed/.gradle/wrapper/dists/gradle-3.3-all/55gk2rcmfc6p2dg9u9ohc3hw9/gradle-3.3/lib/plugins/gradle-testing-jvm-3.3.jar
7f2a61530000-7f2a61534000 r--s 00016000 08:01 11928389                   /home/ahmed/.gradle/wrapper/dists/gradle-3.3-all/55gk2rcmfc6p2dg9u9ohc3hw9/gradle-3.3/lib/plugins/gradle-testing-base-3.3.jar
7f2a61534000-7f2a6153b000 r--s 00038000 08:01 11928416                   /home/ahmed/.gradle/wrapper/dists/gradle-3.3-all/55gk2rcmfc6p2dg9u9ohc3hw9/gradle-3.3/lib/plugins/bcpg-jdk15on-1.51.jar
7f2a6153b000-7f2a6153d000 r--s 0000c000 08:01 11928368                   /home/ahmed/.gradle/wrapper/dists/gradle-3.3-all/55gk2rcmfc6p2dg9u9ohc3hw9/gradle-3.3/lib/plugins/gradle-signing-3.3.jar
7f2a6153d000-7f2a6153f000 r--s 00007000 08:01 11928367                   /home/ahmed/.gradle/wrapper/dists/gradle-3.3-all/55gk2rcmfc6p2dg9u9ohc3hw9/gradle-3.3/lib/plugins/gradle-scala-3.3.jar
7f2a6153f000-7f2a61540000 r--s 00004000 08:01 11928395                   /home/ahmed/.gradle/wrapper/dists/gradle-3.3-all/55gk2rcmfc6p2dg9u9ohc3hw9/gradle-3.3/lib/plugins/gradle-resources-sftp-3.3.jar
7f2a61540000-7f2a61550000 r--s 00088000 08:01 11928432                   /home/ahmed/.gradle/wrapper/dists/gradle-3.3-all/55gk2rcmfc6p2dg9u9ohc3hw9/gradle-3.3/lib/plugins/joda-time-2.8.2.jar
7f2a61550000-7f2a61561000 r--s 0010d000 08:01 11928431                   /home/ahmed/.gradle/wrapper/dists/gradle-3.3-all/55gk2rcmfc6p2dg9u9ohc3hw9/gradle-3.3/lib/plugins/jackson-databind-2.6.6.jar
7f2a61561000-7f2a61564000 r--s 00009000 08:01 11928430                   /home/ahmed/.gradle/wrapper/dists/gradle-3.3-all/55gk2rcmfc6p2dg9u9ohc3hw9/gradle-3.3/lib/plugins/jackson-annotations-2.6.6.jar
7f2a61564000-7f2a61568000 r--s 0003c000 08:01 11928429                   /home/ahmed/.gradle/wrapper/dists/gradle-3.3-all/55gk2rcmfc6p2dg9u9ohc3hw9/gradle-3.3/lib/plugins/jackson-core-2.6.6.jar
7f2a61568000-7f2a61576000 r--s 00087000 08:01 11928428                   /home/ahmed/.gradle/wrapper/dists/gradle-3.3-all/55gk2rcmfc6p2dg9u9ohc3hw9/gradle-3.3/lib/plugins/aws-java-sdk-core-1.11.6.jar
7f2a61576000-7f2a6157d000 r--s 00057000 08:01 11928427                   /home/ahmed/.gradle/wrapper/dists/gradle-3.3-all/55gk2rcmfc6p2dg9u9ohc3hw9/gradle-3.3/lib/plugins/aws-java-sdk-kms-1.11.6.jar
7f2a6157d000-7f2a6158a000 r--s 0008e000 08:01 11928426                   /home/ahmed/.gradle/wrapper/dists/gradle-3.3-all/55gk2rcmfc6p2dg9u9ohc3hw9/gradle-3.3/lib/plugins/aws-java-sdk-s3-1.11.6.jar
7f2a6158a000-7f2a6158c000 r--s 00004000 08:01 11928396                   /home/ahmed/.gradle/wrapper/dists/gradle-3.3-all/55gk2rcmfc6p2dg9u9ohc3hw9/gradle-3.3/lib/plugins/gradle-resources-s3-3.3.jar
7f2a6158c000-7f2a6158e000 r--s 00005000 08:01 11928420                   /home/ahmed/.gradle/wrapper/dists/gradle-3.3-all/55gk2rcmfc6p2dg9u9ohc3hw9/gradle-3.3/lib/plugins/jatl-0.2.2.jar
7f2a6158e000-7f2a61590000 r--s 0000f000 08:01 11928373                   /home/ahmed/.gradle/wrapper/dists/gradle-3.3-all/55gk2rcmfc6p2dg9u9ohc3hw9/gradle-3.3/lib/plugins/gradle-reporting-3.3.jar
7f2a61590000-7f2a61592000 r--s 00002000 08:01 11928374                   /home/ahmed/.gradle/wrapper/dists/gradle-3.3-all/55gk2rcmfc6p2dg9u9ohc3hw9/gradle-3.3/lib/plugins/gradle-publish-3.3.jar
7f2a61592000-7f2a61594000 r--s 00009000 08:01 11928403                   /home/ahmed/.gradle/wrapper/dists/gradle-3.3-all/55gk2rcmfc6p2dg9u9ohc3hw9/gradle-3.3/lib/plugins/commons-cli-1.2.jar
7f2a61594000-7f2a6159a000 r--s 00031000 08:01 11928359                   /home/ahmed/.gradle/wrapper/dists/gradle-3.3-all/55gk2rcmfc6p2dg9u9ohc3hw9/gradle-3.3/lib/plugins/gradle-plugins-3.3.jar
7f2a6159a000-7f2a6159c000 r--s 00009000 08:01 11928392                   /home/ahmed/.gradle/wrapper/dists/gradle-3.3-all/55gk2rcmfc6p2dg9u9ohc3hw9/gradle-3.3/lib/plugins/gradle-plugin-development-3.3.jar
7f2a6159c000-7f2a615a2000 r--s 0002b000 08:01 11928385                   /home/ahmed/.gradle/wrapper/dists/gradle-3.3-all/55gk2rcmfc6p2dg9u9ohc3hw9/gradle-3.3/lib/plugins/gradle-platform-play-3.3.jar
7f2a615a2000-7f2a615b0000 r--s 00055000 08:01 11928384                   /home/ahmed/.gradle/wrapper/dists/gradle-3.3-all/55gk2rcmfc6p2dg9u9ohc3hw9/gradle-3.3/lib/plugins/gradle-platform-native-3.3.jar
7f2a615b0000-7f2a615b5000 r--s 0001f000 08:01 11928379                   /home/ahmed/.gradle/wrapper/dists/gradle-3.3-all/55gk2rcmfc6p2dg9u9ohc3hw9/gradle-3.3/lib/plugins/gradle-platform-jvm-3.3.jar
7f2a615b5000-7f2a615bd000 r--s 00027000 08:01 11928378                   /home/ahmed/.gradle/wrapper/dists/gradle-3.3-all/55gk2rcmfc6p2dg9u9ohc3hw9/gradle-3.3/lib/plugins/gradle-platform-base-3.3.jar
7f2a615bd000-7f2a615e5000 r--s 0021c000 08:01 11928411                   /home/ahmed/.gradle/wrapper/dists/gradle-3.3-all/55gk2rcmfc6p2dg9u9ohc3hw9/gradle-3.3/lib/plugins/biz.aQute.bndlib-3.2.0.jar
7f2a615e5000-7f2a615e7000 r--s 00003000 08:01 11928363                   /home/ahmed/.gradle/wrapper/dists/gradle-3.3-all/55gk2rcmfc6p2dg9u9ohc3hw9/gradle-3.3/lib/plugins/gradle-osgi-3.3.jar
7f2a615e7000-7f2a615ea000 r--s 0000c000 08:01 11928414                   /home/ahmed/.gradle/wrapper/dists/gradle-3.3-all/55gk2rcmfc6p2dg9u9ohc3hw9/gradle-3.3/lib/plugins/pmaven-groovy-0.8-20100325.jar
7f2a615ea000-7f2a615eb000 r--s 00004000 08:01 11928413                   /home/ahmed/.gradle/wrapper/dists/gradle-3.3-all/55gk2rcmfc6p2dg9u9ohc3hw9/gradle-3.3/lib/plugins/pmaven-common-0.8-20100325.jar
7f2a615eb000-7f2a615f1000 r--s 00023000 08:01 11928364                   /home/ahmed/.gradle/wrapper/dists/gradle-3.3-all/55gk2rcmfc6p2dg9u9ohc3hw9/gradle-3.3/lib/plugins/gradle-maven-3.3.jar
7f2a615f1000-7f2a615f4000 r--s 0000b000 08:01 11928383                   /home/ahmed/.gradle/wrapper/dists/gradle-3.3-all/55gk2rcmfc6p2dg9u9ohc3hw9/gradle-3.3/lib/plugins/gradle-language-scala-3.3.jar
7f2a615f4000-7f2a615fa000 r--s 0001a000 08:01 11928387                   /home/ahmed/.gradle/wrapper/dists/gradle-3.3-all/55gk2rcmfc6p2dg9u9ohc3hw9/gradle-3.3/lib/plugins/gradle-language-native-3.3.jar
7f2a615fa000-7f2a615fd000 r--s 00005000 08:01 11928380                   /home/ahmed/.gradle/wrapper/dists/gradle-3.3-all/55gk2rcmfc6p2dg9u9ohc3hw9/gradle-3.3/lib/plugins/gradle-language-jvm-3.3.jar
7f2a615fd000-7f2a61603000 r--s 00027000 08:01 11928381                   /home/ahmed/.gradle/wrapper/dists/gradle-3.3-all/55gk2rcmfc6p2dg9u9ohc3hw9/gradle-3.3/lib/plugins/gradle-language-java-3.3.jar
7f2a61603000-7f2a61605000 r--s 0000a000 08:01 11928382                   /home/ahmed/.gradle/wrapper/dists/gradle-3.3-all/55gk2rcmfc6p2dg9u9ohc3hw9/gradle-3.3/lib/plugins/gradle-language-groovy-3.3.jar
7f2a61605000-7f2a61608000 r--s 0001e000 08:01 11928438                   /home/ahmed/.gradle/wrapper/dists/gradle-3.3-all/55gk2rcmfc6p2dg9u9ohc3hw9/gradle-3.3/lib/plugins/jsp-api-2.1-6.1.14.jar
7f2a61608000-7f2a6162b000 r--s 00344000 08:01 11928437                   /home/ahmed/.gradle/wrapper/dists/gradle-3.3-all/55gk2rcmfc6p2dg9u9ohc3hw9/gradle-3.3/lib/plugins/core-3.1.1.jar
7f2a6162b000-7f2a6162c000 r--s 00006000 08:01 11928436                   /home/ahmed/.gradle/wrapper/dists/gradle-3.3-all/55gk2rcmfc6p2dg9u9ohc3hw9/gradle-3.3/lib/plugins/jetty-naming-6.1.26.jar
7f2a6162c000-7f2a6162d000 r--s 00002000 08:01 11928410                   /home/ahmed/.gradle/wrapper/dists/gradle-3.3-all/55gk2rcmfc6p2dg9u9ohc3hw9/gradle-3.3/lib/plugins/geronimo-annotation_1.0_spec-1.0.jar
7f2a6162d000-7f2a6162f000 r--s 00002000 08:01 11928409                   /home/ahmed/.gradle/wrapper/dists/gradle-3.3-all/55gk2rcmfc6p2dg9u9ohc3hw9/gradle-3.3/lib/plugins/jetty-annotations-6.1.26.jar
7f2a6162f000-7f2a61640000 r--s 000ea000 08:01 11928408                   /home/ahmed/.gradle/wrapper/dists/gradle-3.3-all/55gk2rcmfc6p2dg9u9ohc3hw9/gradle-3.3/lib/plugins/jsp-2.1-6.1.14.jar
7f2a61640000-7f2a61642000 r--s 0000d000 08:01 11928407                   /home/ahmed/.gradle/wrapper/dists/gradle-3.3-all/55gk2rcmfc6p2dg9u9ohc3hw9/gradle-3.3/lib/plugins/jetty-plus-6.1.26.jar
7f2a61642000-7f2a61644000 r--s 0001f000 08:01 11928406                   /home/ahmed/.gradle/wrapper/dists/gradle-3.3-all/55gk2rcmfc6p2dg9u9ohc3hw9/gradle-3.3/lib/plugins/servlet-api-2.5-20081211.jar
7f2a61644000-7f2a61648000 r--s 00028000 08:01 11928405                   /home/ahmed/.gradle/wrapper/dists/gradle-3.3-all/55gk2rcmfc6p2dg9u9ohc3hw9/gradle-3.3/lib/plugins/jetty-util-6.1.26.jar
7f2a61648000-7f2a6164f000 r--s 0007d000 08:01 11928404                   /home/ahmed/.gradle/wrapper/dists/gradle-3.3-all/55gk2rcmfc6p2dg9u9ohc3hw9/gradle-3.3/lib/plugins/jetty-6.1.26.jar
7f2a6164f000-7f2a61651000 r--s 0000a000 08:01 11928361                   /home/ahmed/.gradle/wrapper/dists/gradle-3.3-all/55gk2rcmfc6p2dg9u9ohc3hw9/gradle-3.3/lib/plugins/gradle-jetty-3.3.jar
7f2a61651000-7f2a61658000 r--s 00035000 08:01 11928419                   /home/ahmed/.gradle/wrapper/dists/gradle-3.3-all/55gk2rcmfc6p2dg9u9ohc3hw9/gradle-3.3/lib/plugins/simple-4.1.21.jar
7f2a61658000-7f2a61664000 r--s 00100000 08:01 11928417                   /home/ahmed/.gradle/wrapper/dists/gradle-3.3-all/55gk2rcmfc6p2dg9u9ohc3hw9/gradle-3.3/lib/plugins/rhino-1.7R3.jar
7f2a61664000-7f2a61668000 r--s 00012000 08:01 11928370                   /home/ahmed/.gradle/wrapper/dists/gradle-3.3-all/55gk2rcmfc6p2dg9u9ohc3hw9/gradle-3.3/lib/plugins/gradle-javascript-3.3.jar
7f2a61668000-7f2a6166a000 r--s 0000d000 08:01 11928376                   /home/ahmed/.gradle/wrapper/dists/gradle-3.3-all/55gk2rcmfc6p2dg9u9ohc3hw9/gradle-3.3/lib/plugins/gradle-jacoco-3.3.jar
7f2a6166a000-7f2a6166d000 r--s 0000e000 08:01 11928375                   /home/ahmed/.gradle/wrapper/dists/gradle-3.3-all/55gk2rcmfc6p2dg9u9ohc3hw9/gradle-3.3/lib/plugins/gradle-ivy-3.3.jar
7f2a6166d000-7f2a6166e000 r--s 00002000 08:01 11928386                   /home/ahmed/.gradle/wrapper/dists/gradle-3.3-all/55gk2rcmfc6p2dg9u9ohc3hw9/gradle-3.3/lib/plugins/gradle-ide-play-3.3.jar
7f2a6166e000-7f2a61671000 r--s 00013000 08:01 11928388                   /home/ahmed/.gradle/wrapper/dists/gradle-3.3-all/55gk2rcmfc6p2dg9u9ohc3hw9/gradle-3.3/lib/plugins/gradle-ide-native-3.3.jar
7f2a61671000-7f2a6167a000 r--s 00055000 08:01 11928365                   /home/ahmed/.gradle/wrapper/dists/gradle-3.3-all/55gk2rcmfc6p2dg9u9ohc3hw9/gradle-3.3/lib/plugins/gradle-ide-3.3.jar
7f2a6167a000-7f2a6167c000 r--s 00007000 08:01 11928369                   /home/ahmed/.gradle/wrapper/dists/gradle-3.3-all/55gk2rcmfc6p2dg9u9ohc3hw9/gradle-3.3/lib/plugins/gradle-ear-3.3.jar
7f2a6167c000-7f2a61682000 r--s 00039000 08:01 11928372                   /home/ahmed/.gradle/wrapper/dists/gradle-3.3-all/55gk2rcmfc6p2dg9u9ohc3hw9/gradle-3.3/lib/plugins/gradle-diagnostics-3.3.jar
7f2a61682000-7f2a61683000 r--s 00009000 08:01 11928398                   /home/ahmed/.gradle/wrapper/dists/gradle-3.3-all/55gk2rcmfc6p2dg9u9ohc3hw9/gradle-3.3/lib/plugins/gradle-composite-builds-3.3.jar
7f2a61683000-7f2a61687000 r--s 00023000 08:01 11928360                   /home/ahmed/.gradle/wrapper/dists/gradle-3.3-all/55gk2rcmfc6p2dg9u9ohc3hw9/gradle-3.3/lib/plugins/gradle-code-quality-3.3.jar
7f2a61687000-7f2a6168b000 r--s 00022000 08:01 11928377                   /home/ahmed/.gradle/wrapper/dists/gradle-3.3-all/55gk2rcmfc6p2dg9u9ohc3hw9/gradle-3.3/lib/plugins/gradle-build-init-3.3.jar
7f2a6168b000-7f2a61691000 r--s 0008e000 08:01 11928371                   /home/ahmed/.gradle/wrapper/dists/gradle-3.3-all/55gk2rcmfc6p2dg9u9ohc3hw9/gradle-3.3/lib/plugins/gradle-build-comparison-3.3.jar
7f2a61691000-7f2a61692000 r--s 00001000 08:01 11928399                   /home/ahmed/.gradle/wrapper/dists/gradle-3.3-all/55gk2rcmfc6p2dg9u9ohc3hw9/gradle-3.3/lib/plugins/gradle-build-cache-http-3.3.jar
7f2a61692000-7f2a61694000 r--s 00008000 08:01 11928362                   /home/ahmed/.gradle/wrapper/dists/gradle-3.3-all/55gk2rcmfc6p2dg9u9ohc3hw9/gradle-3.3/lib/plugins/gradle-antlr-3.3.jar
7f2a61694000-7f2a61696000 r--s 00004000 08:01 11928366                   /home/ahmed/.gradle/wrapper/dists/gradle-3.3-all/55gk2rcmfc6p2dg9u9ohc3hw9/gradle-3.3/lib/plugins/gradle-announce-3.3.jar
7f2a61696000-7f2a616ae000 r--s 00115000 08:01 11928468                   /home/ahmed/.gradle/wrapper/dists/gradle-3.3-all/55gk2rcmfc6p2dg9u9ohc3hw9/gradle-3.3/lib/plugins/xercesImpl-2.9.1.jar
7f2a616ae000-7f2a616b6000 r--s 00028000 08:01 11928469                   /home/ahmed/.gradle/wrapper/dists/gradle-3.3-all/55gk2rcmfc6p2dg9u9ohc3hw9/gradle-3.3/lib/plugins/xml-apis-1.3.04.jar
7f2a616b6000-7f2a616bc000 r--s 0005b000 08:01 11928467                   /home/ahmed/.gradle/wrapper/dists/gradle-3.3-all/55gk2rcmfc6p2dg9u9ohc3hw9/gradle-3.3/lib/plugins/jcifs-1.3.17.jar
7f2a616bc000-7f2a616c2000 r--s 00033000 08:01 11928415                   /home/ahmed/.gradle/wrapper/dists/gradle-3.3-all/55gk2rcmfc6p2dg9u9ohc3hw9/gradle-3.3/lib/plugins/commons-codec-1.6.jar
7f2a616c2000-7f2a616c9000 r--s 00049000 08:01 11928466                   /home/ahmed/.gradle/wrapper/dists/gradle-3.3-all/55gk2rcmfc6p2dg9u9ohc3hw9/gradle-3.3/lib/plugins/httpcore-4.4.4.jar
7f2a616c9000-7f2a616cc000 r--s 0001c000 08:01 11928424                   /home/ahmed/.gradle/wrapper/dists/gradle-3.3-all/55gk2rcmfc6p2dg9u9ohc3hw9/gradle-3.3/lib/plugins/nekohtml-1.9.14.jar
7f2a616cc000-7f2a616d9000 r--s 000a4000 08:01 11928423                   /home/ahmed/.gradle/wrapper/dists/gradle-3.3-all/55gk2rcmfc6p2dg9u9ohc3hw9/gradle-3.3/lib/plugins/httpclient-4.4.1.jar
7f2a616d9000-7f2a616dc000 r--s 0000a000 08:01 11928394                   /home/ahmed/.gradle/wrapper/dists/gradle-3.3-all/55gk2rcmfc6p2dg9u9ohc3hw9/gradle-3.3/lib/plugins/gradle-resources-http-3.3.jar
7f2a616dc000-7f2a616e0000 r--s 00015000 08:01 11928393                   /home/ahmed/.gradle/wrapper/dists/gradle-3.3-all/55gk2rcmfc6p2dg9u9ohc3hw9/gradle-3.3/lib/plugins/gradle-plugin-use-3.3.jar
7f2a616e0000-7f2a616e1000 r--s 00000000 08:01 11928305                   /home/ahmed/.gradle/wrapper/dists/gradle-3.3-all/55gk2rcmfc6p2dg9u9ohc3hw9/gradle-3.3/lib/gradle-installation-beacon-3.3.jar
7f2a616e1000-7f2a616e3000 r--s 00006000 08:01 11928462                   /home/ahmed/.gradle/wrapper/dists/gradle-3.3-all/55gk2rcmfc6p2dg9u9ohc3hw9/gradle-3.3/lib/plugins/aether-connector-wagon-1.13.1.jar
7f2a616e3000-7f2a616e7000 r--s 0001c000 08:01 11928461                   /home/ahmed/.gradle/wrapper/dists/gradle-3.3-all/55gk2rcmfc6p2dg9u9ohc3hw9/gradle-3.3/lib/plugins/aether-util-1.13.1.jar
7f2a616e7000-7f2a616e8000 r--s 00003000 08:01 11928460                   /home/ahmed/.gradle/wrapper/dists/gradle-3.3-all/55gk2rcmfc6p2dg9u9ohc3hw9/gradle-3.3/lib/plugins/aether-spi-1.13.1.jar
7f2a616e8000-7f2a616eb000 r--s 0001d000 08:01 11928459                   /home/ahmed/.gradle/wrapper/dists/gradle-3.3-all/55gk2rcmfc6p2dg9u9ohc3hw9/gradle-3.3/lib/plugins/aether-impl-1.13.1.jar
7f2a616eb000-7f2a616ee000 r--s 00013000 08:01 11928458                   /home/ahmed/.gradle/wrapper/dists/gradle-3.3-all/55gk2rcmfc6p2dg9u9ohc3hw9/gradle-3.3/lib/plugins/aether-api-1.13.1.jar
7f2a616ee000-7f2a616ef000 r--s 00007000 08:01 11928457                   /home/ahmed/.gradle/wrapper/dists/gradle-3.3-all/55gk2rcmfc6p2dg9u9ohc3hw9/gradle-3.3/lib/plugins/wagon-http-shared4-2.4.jar
7f2a616ef000-7f2a616f1000 r--s 0000b000 08:01 11928456                   /home/ahmed/.gradle/wrapper/dists/gradle-3.3-all/55gk2rcmfc6p2dg9u9ohc3hw9/gradle-3.3/lib/plugins/wagon-provider-api-2.4.jar
7f2a616f1000-7f2a616f2000 r--s 00002000 08:01 11928455                   /home/ahmed/.gradle/wrapper/dists/gradle-3.3-all/55gk2rcmfc6p2dg9u9ohc3hw9/gradle-3.3/lib/plugins/wagon-http-2.4.jar
7f2a616f2000-7f2a616f3000 r--s 00002000 08:01 11928454                   /home/ahmed/.gradle/wrapper/dists/gradle-3.3-all/55gk2rcmfc6p2dg9u9ohc3hw9/gradle-3.3/lib/plugins/wagon-file-2.4.jar
7f2a616f3000-7f2a616f5000 r--s 0000c000 08:01 11928453                   /home/ahmed/.gradle/wrapper/dists/gradle-3.3-all/55gk2rcmfc6p2dg9u9ohc3hw9/gradle-3.3/lib/plugins/maven-aether-provider-3.0.4.jar
7f2a616f5000-7f2a616f7000 r--s 0000b000 08:01 11928452                   /home/ahmed/.gradle/wrapper/dists/gradle-3.3-all/55gk2rcmfc6p2dg9u9ohc3hw9/gradle-3.3/lib/plugins/maven-plugin-api-3.0.4.jar
7f2a616f7000-7f2a616f9000 r--s 00006000 08:01 11928451                   /home/ahmed/.gradle/wrapper/dists/gradle-3.3-all/55gk2rcmfc6p2dg9u9ohc3hw9/gradle-3.3/lib/plugins/maven-repository-metadata-3.0.4.jar
7f2a616f9000-7f2a616fb000 r--s 0000b000 08:01 11928450                   /home/ahmed/.gradle/wrapper/dists/gradle-3.3-all/55gk2rcmfc6p2dg9u9ohc3hw9/gradle-3.3/lib/plugins/maven-artifact-3.0.4.jar
7f2a616fb000-7f2a616fd000 r--s 00026000 08:01 11928449                   /home/ahmed/.gradle/wrapper/dists/gradle-3.3-all/55gk2rcmfc6p2dg9u9ohc3hw9/gradle-3.3/lib/plugins/maven-model-3.0.4.jar
7f2a616fd000-7f2a61701000 r--s 00021000 08:01 11928448                   /home/ahmed/.gradle/wrapper/dists/gradle-3.3-all/55gk2rcmfc6p2dg9u9ohc3hw9/gradle-3.3/lib/plugins/maven-model-builder-3.0.4.jar
7f2a61701000-7f2a61707000 r--s 0003f000 08:01 11928447                   /home/ahmed/.gradle/wrapper/dists/gradle-3.3-all/55gk2rcmfc6p2dg9u9ohc3hw9/gradle-3.3/lib/plugins/maven-compat-3.0.4.jar
7f2a61707000-7f2a61708000 r--s 00006000 08:01 11928446                   /home/ahmed/.gradle/wrapper/dists/gradle-3.3-all/55gk2rcmfc6p2dg9u9ohc3hw9/gradle-3.3/lib/plugins/plexus-sec-dispatcher-1.3.jar
7f2a61708000-7f2a6170a000 r--s 00002000 08:01 11928445                   /home/ahmed/.gradle/wrapper/dists/gradle-3.3-all/55gk2rcmfc6p2dg9u9ohc3hw9/gradle-3.3/lib/plugins/plexus-cipher-1.7.jar
7f2a6170a000-7f2a6170c000 r--s 0000a000 08:01 11928444                   /home/ahmed/.gradle/wrapper/dists/gradle-3.3-all/55gk2rcmfc6p2dg9u9ohc3hw9/gradle-3.3/lib/plugins/plexus-classworlds-2.4.jar
7f2a6170c000-7f2a61713000 r--s 0002e000 08:01 11928443                   /home/ahmed/.gradle/wrapper/dists/gradle-3.3-all/55gk2rcmfc6p2dg9u9ohc3hw9/gradle-3.3/lib/plugins/plexus-container-default-1.5.5.jar
7f2a61713000-7f2a61715000 r--s 00000000 08:01 11928470                   /home/ahmed/.gradle/wrapper/dists/gradle-3.3-all/55gk2rcmfc6p2dg9u9ohc3hw9/gradle-3.3/lib/plugins/plexus-component-annotations-1.5.5.jar
7f2a61715000-7f2a61719000 r--s 00033000 08:01 11928441                   /home/ahmed/.gradle/wrapper/dists/gradle-3.3-all/55gk2rcmfc6p2dg9u9ohc3hw9/gradle-3.3/lib/plugins/plexus-utils-2.0.6.jar
7f2a61719000-7f2a6171c000 r--s 00008000 08:01 11928440                   /home/ahmed/.gradle/wrapper/dists/gradle-3.3-all/55gk2rcmfc6p2dg9u9ohc3hw9/gradle-3.3/lib/plugins/maven-settings-builder-3.0.4.jar
7f2a6171c000-7f2a61721000 r--s 00040000 08:01 11928425                   /home/ahmed/.gradle/wrapper/dists/gradle-3.3-all/55gk2rcmfc6p2dg9u9ohc3hw9/gradle-3.3/lib/plugins/jsch-0.1.53.jar
7f2a61721000-7f2a61761000 r--s 00277000 08:01 11928435                   /home/ahmed/.gradle/wrapper/dists/gradle-3.3-all/55gk2rcmfc6p2dg9u9ohc3hw9/gradle-3.3/lib/plugins/bcprov-jdk15on-1.51.jar
7f2a61761000-7f2a6176d000 r--s 0007d000 08:01 11928412                   /home/ahmed/.gradle/wrapper/dists/gradle-3.3-all/55gk2rcmfc6p2dg9u9ohc3hw9/gradle-3.3/lib/plugins/maven-core-3.0.4.jar
7f2a6176d000-7f2a6178c000 r--s 000f6000 08:01 11928401                   /home/ahmed/.gradle/wrapper/dists/gradle-3.3-all/55gk2rcmfc6p2dg9u9ohc3hw9/gradle-3.3/lib/plugins/gradle-dependency-management-3.3.jar
7f2a6178c000-7f2a617a2000 r-xp 00000000 08:01 13111754                   /lib/x86_64-linux-gnu/libgcc_s.so.1
7f2a617a2000-7f2a619a1000 ---p 00016000 08:01 13111754                   /lib/x86_64-linux-gnu/libgcc_s.so.1
7f2a619a1000-7f2a619a2000 rw-p 00015000 08:01 13111754                   /lib/x86_64-linux-gnu/libgcc_s.so.1
7f2a619a2000-7f2a61b14000 r-xp 00000000 08:01 7742362                    /usr/lib/x86_64-linux-gnu/libstdc++.so.6.0.21
7f2a61b14000-7f2a61d14000 ---p 00172000 08:01 7742362                    /usr/lib/x86_64-linux-gnu/libstdc++.so.6.0.21
7f2a61d14000-7f2a61d1e000 r--p 00172000 08:01 7742362                    /usr/lib/x86_64-linux-gnu/libstdc++.so.6.0.21
7f2a61d1e000-7f2a61d20000 rw-p 0017c000 08:01 7742362                    /usr/lib/x86_64-linux-gnu/libstdc++.so.6.0.21
7f2a61d20000-7f2a61d24000 rw-p 00000000 00:00 0 
7f2a61d24000-7f2a61d26000 r--s 0000d000 08:01 11928442                   /home/ahmed/.gradle/wrapper/dists/gradle-3.3-all/55gk2rcmfc6p2dg9u9ohc3hw9/gradle-3.3/lib/plugins/plexus-interpolation-1.14.jar
7f2a61d26000-7f2a61d28000 r--s 0000a000 08:01 11928439                   /home/ahmed/.gradle/wrapper/dists/gradle-3.3-all/55gk2rcmfc6p2dg9u9ohc3hw9/gradle-3.3/lib/plugins/maven-settings-3.0.4.jar
7f2a61d28000-7f2a61d2c000 r--s 0001d000 08:01 11928434                   /home/ahmed/.gradle/wrapper/dists/gradle-3.3-all/55gk2rcmfc6p2dg9u9ohc3hw9/gradle-3.3/lib/plugins/xbean-reflect-3.4.jar
7f2a61d2c000-7f2a61d31000 r--s 00034000 08:01 11928418                   /home/ahmed/.gradle/wrapper/dists/gradle-3.3-all/55gk2rcmfc6p2dg9u9ohc3hw9/gradle-3.3/lib/plugins/gson-2.7.jar
7f2a61d31000-7f2a61d40000 r--s 000d9000 08:01 11928433                   /home/ahmed/.gradle/wrapper/dists/gradle-3.3-all/55gk2rcmfc6p2dg9u9ohc3hw9/gradle-3.3/lib/plugins/ivy-2.2.0.jar
7f2a61d40000-7f2a61d42000 r--s 00005000 08:01 11928400                   /home/ahmed/.gradle/wrapper/dists/gradle-3.3-all/55gk2rcmfc6p2dg9u9ohc3hw9/gradle-3.3/lib/plugins/gradle-workers-3.3.jar
7f2a61d42000-7f2a61d47000 r-xp 00000000 08:01 11932888                   /home/ahmed/.gradle/native/23/linux-amd64/libnative-platform.so
7f2a61d47000-7f2a61f46000 ---p 00005000 08:01 11932888                   /home/ahmed/.gradle/native/23/linux-amd64/libnative-platform.so
7f2a61f46000-7f2a61f47000 rw-p 00004000 08:01 11932888                   /home/ahmed/.gradle/native/23/linux-amd64/libnative-platform.so
7f2a61f47000-7f2a61f58000 r-xp 00000000 08:01 4194920                    /home/ahmed/Android_Studio_Plus_Projects/android-studio/jre/jre/lib/amd64/libnio.so
7f2a61f58000-7f2a62157000 ---p 00011000 08:01 4194920                    /home/ahmed/Android_Studio_Plus_Projects/android-studio/jre/jre/lib/amd64/libnio.so
7f2a62157000-7f2a62158000 r--p 00010000 08:01 4194920                    /home/ahmed/Android_Studio_Plus_Projects/android-studio/jre/jre/lib/amd64/libnio.so
7f2a62158000-7f2a62159000 rw-p 00011000 08:01 4194920                    /home/ahmed/Android_Studio_Plus_Projects/android-studio/jre/jre/lib/amd64/libnio.so
7f2a62159000-7f2a6245a000 rw-p 00000000 00:00 0 
7f2a6245a000-7f2a62471000 r-xp 00000000 08:01 4194918                    /home/ahmed/Android_Studio_Plus_Projects/android-studio/jre/jre/lib/amd64/libnet.so
7f2a62471000-7f2a62670000 ---p 00017000 08:01 4194918                    /home/ahmed/Android_Studio_Plus_Projects/android-studio/jre/jre/lib/amd64/libnet.so
7f2a62670000-7f2a62671000 r--p 00016000 08:01 4194918                    /home/ahmed/Android_Studio_Plus_Projects/android-studio/jre/jre/lib/amd64/libnet.so
7f2a62671000-7f2a62672000 rw-p 00017000 08:01 4194918                    /home/ahmed/Android_Studio_Plus_Projects/android-studio/jre/jre/lib/amd64/libnet.so
7f2a62672000-7f2a62673000 r--s 00006000 08:01 11928304                   /home/ahmed/.gradle/wrapper/dists/gradle-3.3-all/55gk2rcmfc6p2dg9u9ohc3hw9/gradle-3.3/lib/gradle-wrapper-3.3.jar
7f2a62673000-7f2a62680000 r--s 00041000 08:01 11928311                   /home/ahmed/.gradle/wrapper/dists/gradle-3.3-all/55gk2rcmfc6p2dg9u9ohc3hw9/gradle-3.3/lib/gradle-tooling-api-3.3.jar
7f2a62680000-7f2a62682000 r--s 00002000 08:01 11928331                   /home/ahmed/.gradle/wrapper/dists/gradle-3.3-all/55gk2rcmfc6p2dg9u9ohc3hw9/gradle-3.3/lib/gradle-open-api-3.3.jar
7f2a62682000-7f2a62688000 r--s 00032000 08:01 11928333                   /home/ahmed/.gradle/wrapper/dists/gradle-3.3-all/55gk2rcmfc6p2dg9u9ohc3hw9/gradle-3.3/lib/jaxen-1.1.jar
7f2a62688000-7f2a6268d000 r--s 00048000 08:01 11928332                   /home/ahmed/.gradle/wrapper/dists/gradle-3.3-all/55gk2rcmfc6p2dg9u9ohc3hw9/gradle-3.3/lib/dom4j-1.6.1.jar
7f2a6268d000-7f2a62698000 r--s 00059000 08:01 11928310                   /home/ahmed/.gradle/wrapper/dists/gradle-3.3-all/55gk2rcmfc6p2dg9u9ohc3hw9/gradle-3.3/lib/gradle-ui-3.3.jar
7f2a62698000-7f2a626a1000 r--s 0008c000 08:01 11928302                   /home/ahmed/.gradle/wrapper/dists/gradle-3.3-all/55gk2rcmfc6p2dg9u9ohc3hw9/gradle-3.3/lib/kotlin-stdlib-1.1-M02.jar
7f2a626a1000-7f2a626a7000 r--s 0002a000 08:01 11928301                   /home/ahmed/.gradle/wrapper/dists/gradle-3.3-all/55gk2rcmfc6p2dg9u9ohc3hw9/gradle-3.3/lib/kotlin-runtime-1.1-M02.jar
7f2a626a7000-7f2a626db000 r--s 00256000 08:01 11928300                   /home/ahmed/.gradle/wrapper/dists/gradle-3.3-all/55gk2rcmfc6p2dg9u9ohc3hw9/gradle-3.3/lib/kotlin-reflect-1.1-M02.jar
7f2a626db000-7f2a62871000 r--s 0157e000 08:01 11928299                   /home/ahmed/.gradle/wrapper/dists/gradle-3.3-all/55gk2rcmfc6p2dg9u9ohc3hw9/gradle-3.3/lib/kotlin-compiler-embeddable-1.1-M02.jar
7f2a62871000-7f2a62879000 r--s 0004e000 08:01 11928298                   /home/ahmed/.gradle/wrapper/dists/gradle-3.3-all/55gk2rcmfc6p2dg9u9ohc3hw9/gradle-3.3/lib/gradle-script-kotlin-0.5.1.jar
7f2a62879000-7f2a6287c000 r--s 0000b000 08:01 11928329                   /home/ahmed/.gradle/wrapper/dists/gradle-3.3-all/55gk2rcmfc6p2dg9u9ohc3hw9/gradle-3.3/lib/gradle-resources-3.3.jar
7f2a6287c000-7f2a6287e000 r--s 00003000 08:01 11928338                   /home/ahmed/.gradle/wrapper/dists/gradle-3.3-all/55gk2rcmfc6p2dg9u9ohc3hw9/gradle-3.3/lib/jcl-over-slf4j-1.7.10.jar
7f2a6287e000-7f2a6287f000 r--s 00005000 08:01 11928337                   /home/ahmed/.gradle/wrapper/dists/gradle-3.3-all/55gk2rcmfc6p2dg9u9ohc3hw9/gradle-3.3/lib/log4j-over-slf4j-1.7.10.jar
7f2a6287f000-7f2a62881000 r--s 00000000 08:01 11928336                   /home/ahmed/.gradle/wrapper/dists/gradle-3.3-all/55gk2rcmfc6p2dg9u9ohc3hw9/gradle-3.3/lib/jul-to-slf4j-1.7.10.jar
7f2a62881000-7f2a62886000 r--s 0001e000 08:01 11928313                   /home/ahmed/.gradle/wrapper/dists/gradle-3.3-all/55gk2rcmfc6p2dg9u9ohc3hw9/gradle-3.3/lib/gradle-logging-3.3.jar
7f2a62886000-7f2a62888000 r--s 00007000 08:01 11928357                   /home/ahmed/.gradle/wrapper/dists/gradle-3.3-all/55gk2rcmfc6p2dg9u9ohc3hw9/gradle-3.3/lib/objenesis-1.2.jar
7f2a62888000-7f2a6288a000 r--s 00000000 08:01 11928356                   /home/ahmed/.gradle/wrapper/dists/gradle-3.3-all/55gk2rcmfc6p2dg9u9ohc3hw9/gradle-3.3/lib/minlog-1.2.jar
7f2a6288a000-7f2a6288c000 r--s 0000f000 08:01 11928355                   /home/ahmed/.gradle/wrapper/dists/gradle-3.3-all/55gk2rcmfc6p2dg9u9ohc3hw9/gradle-3.3/lib/reflectasm-1.07-shaded.jar
7f2a6288c000-7f2a62890000 r--s 00026000 08:01 11928340                   /home/ahmed/.gradle/wrapper/dists/gradle-3.3-all/55gk2rcmfc6p2dg9u9ohc3hw9/gradle-3.3/lib/kryo-2.20.jar
7f2a62890000-7f2a62896000 r--s 00027000 08:01 11928328                   /home/ahmed/.gradle/wrapper/dists/gradle-3.3-all/55gk2rcmfc6p2dg9u9ohc3hw9/gradle-3.3/lib/gradle-messaging-3.3.jar
7f2a62896000-7f2a62897000 r--s 00001000 08:01 11928354                   /home/ahmed/.gradle/wrapper/dists/gradle-3.3-all/55gk2rcmfc6p2dg9u9ohc3hw9/gradle-3.3/lib/native-platform-linux-i386-ncurses6-0.12.jar
7f2a62897000-7f2a62898000 r--s 00001000 08:01 11928353                   /home/ahmed/.gradle/wrapper/dists/gradle-3.3-all/55gk2rcmfc6p2dg9u9ohc3hw9/gradle-3.3/lib/native-platform-linux-i386-ncurses5-0.12.jar
7f2a62898000-7f2a62899000 r--s 00001000 08:01 11928352                   /home/ahmed/.gradle/wrapper/dists/gradle-3.3-all/55gk2rcmfc6p2dg9u9ohc3hw9/gradle-3.3/lib/native-platform-linux-amd64-ncurses6-0.12.jar
7f2a62899000-7f2a6289a000 r--s 00001000 08:01 11928351                   /home/ahmed/.gradle/wrapper/dists/gradle-3.3-all/55gk2rcmfc6p2dg9u9ohc3hw9/gradle-3.3/lib/native-platform-linux-amd64-ncurses5-0.12.jar
7f2a6289a000-7f2a6289b000 r--s 0000b000 08:01 11928350                   /home/ahmed/.gradle/wrapper/dists/gradle-3.3-all/55gk2rcmfc6p2dg9u9ohc3hw9/gradle-3.3/lib/native-platform-windows-i386-0.12.jar
7f2a6289b000-7f2a6289d000 r--s 0000b000 08:01 11928349                   /home/ahmed/.gradle/wrapper/dists/gradle-3.3-all/55gk2rcmfc6p2dg9u9ohc3hw9/gradle-3.3/lib/native-platform-windows-amd64-0.12.jar
7f2a6289d000-7f2a6289f000 r--s 00002000 08:01 11928348                   /home/ahmed/.gradle/wrapper/dists/gradle-3.3-all/55gk2rcmfc6p2dg9u9ohc3hw9/gradle-3.3/lib/native-platform-osx-i386-0.12.jar
7f2a6289f000-7f2a628a0000 r--s 00002000 08:01 11928347                   /home/ahmed/.gradle/wrapper/dists/gradle-3.3-all/55gk2rcmfc6p2dg9u9ohc3hw9/gradle-3.3/lib/native-platform-osx-amd64-0.12.jar
7f2a628a0000-7f2a628a1000 r--s 00002000 08:01 11928346                   /home/ahmed/.gradle/wrapper/dists/gradle-3.3-all/55gk2rcmfc6p2dg9u9ohc3hw9/gradle-3.3/lib/native-platform-linux-i386-0.12.jar
7f2a628a1000-7f2a628a2000 r--s 00002000 08:01 11928345                   /home/ahmed/.gradle/wrapper/dists/gradle-3.3-all/55gk2rcmfc6p2dg9u9ohc3hw9/gradle-3.3/lib/native-platform-linux-amd64-0.12.jar
7f2a628a2000-7f2a628a3000 r--s 00003000 08:01 11928344                   /home/ahmed/.gradle/wrapper/dists/gradle-3.3-all/55gk2rcmfc6p2dg9u9ohc3hw9/gradle-3.3/lib/native-platform-freebsd-i386-libstdcpp-0.12.jar
7f2a628a3000-7f2a628a4000 r--s 00004000 08:01 11928343                   /home/ahmed/.gradle/wrapper/dists/gradle-3.3-all/55gk2rcmfc6p2dg9u9ohc3hw9/gradle-3.3/lib/native-platform-freebsd-i386-libcpp-0.12.jar
7f2a628a4000-7f2a628a6000 r--s 00003000 08:01 11928342                   /home/ahmed/.gradle/wrapper/dists/gradle-3.3-all/55gk2rcmfc6p2dg9u9ohc3hw9/gradle-3.3/lib/native-platform-freebsd-amd64-libstdcpp-0.12.jar
7f2a628a6000-7f2a628a9000 r--s 00023000 08:01 11928335                   /home/ahmed/.gradle/wrapper/dists/gradle-3.3-all/55gk2rcmfc6p2dg9u9ohc3hw9/gradle-3.3/lib/jansi-1.14.jar
7f2a628a9000-7f2a628ad000 r--s 00011000 08:01 11928334                   /home/ahmed/.gradle/wrapper/dists/gradle-3.3-all/55gk2rcmfc6p2dg9u9ohc3hw9/gradle-3.3/lib/native-platform-0.12.jar
7f2a628ad000-7f2a628b0000 r--s 0000a000 08:01 11928312                   /home/ahmed/.gradle/wrapper/dists/gradle-3.3-all/55gk2rcmfc6p2dg9u9ohc3hw9/gradle-3.3/lib/gradle-native-3.3.jar
7f2a628b0000-7f2a628b2000 r--s 00005000 08:01 11928309                   /home/ahmed/.gradle/wrapper/dists/gradle-3.3-all/55gk2rcmfc6p2dg9u9ohc3hw9/gradle-3.3/lib/gradle-cli-3.3.jar
7f2a628b2000-7f2a628b4000 r--s 00007000 08:01 11928320                   /home/ahmed/.gradle/wrapper/dists/gradle-3.3-all/55gk2rcmfc6p2dg9u9ohc3hw9/gradle-3.3/lib/gradle-model-groovy-3.3.jar
7f2a628b4000-7f2a628b6000 r--s 00006000 08:01 11928327                   /home/ahmed/.gradle/wrapper/dists/gradle-3.3-all/55gk2rcmfc6p2dg9u9ohc3hw9/gradle-3.3/lib/gradle-base-services-groovy-3.3.jar
7f2a628b6000-7f2a628c5000 r--s 0007f000 08:01 11928319                   /home/ahmed/.gradle/wrapper/dists/gradle-3.3-all/55gk2rcmfc6p2dg9u9ohc3hw9/gradle-3.3/lib/gradle-model-core-3.3.jar
7f2a628c5000-7f2a62935000 r--s 00641000 08:01 11928318                   /home/ahmed/.gradle/wrapper/dists/gradle-3.3-all/55gk2rcmfc6p2dg9u9ohc3hw9/gradle-3.3/lib/groovy-all-2.4.7.jar
7f2a62935000-7f2a6295d000 r--s 001cf000 08:01 11928315                   /home/ahmed/.gradle/wrapper/dists/gradle-3.3-all/55gk2rcmfc6p2dg9u9ohc3hw9/gradle-3.3/lib/guava-jdk5-17.0.jar
7f2a6295d000-7f2a6297c000 r--s 001d1000 08:01 11928322                   /home/ahmed/.gradle/wrapper/dists/gradle-3.3-all/55gk2rcmfc6p2dg9u9ohc3hw9/gradle-3.3/lib/ant-1.9.6.jar
7f2a6297c000-7f2a629b9000 r--s 001f8000 08:01 11928308                   /home/ahmed/.gradle/wrapper/dists/gradle-3.3-all/55gk2rcmfc6p2dg9u9ohc3hw9/gradle-3.3/lib/gradle-core-3.3.jar
7f2a629b9000-7f2a629ba000 ---p 00000000 00:00 0 
7f2a629ba000-7f2a62aba000 rw-p 00000000 00:00 0 
7f2a62aba000-7f2a62abd000 ---p 00000000 00:00 0 
7f2a62abd000-7f2a62bbb000 rw-p 00000000 00:00 0 
7f2a62bbb000-7f2a62bbe000 ---p 00000000 00:00 0 
7f2a62bbe000-7f2a62cbc000 rw-p 00000000 00:00 0 
7f2a62cbc000-7f2a62cbf000 ---p 00000000 00:00 0 
7f2a62cbf000-7f2a62dbd000 rw-p 00000000 00:00 0 
7f2a62dbd000-7f2a62dc0000 ---p 00000000 00:00 0 
7f2a62dc0000-7f2a62ebe000 rw-p 00000000 00:00 0 
7f2a62ebe000-7f2a63197000 r--p 00000000 08:01 7748246                    /usr/lib/locale/locale-archive
7f2a63197000-7f2a6319a000 ---p 00000000 00:00 0 
7f2a6319a000-7f2a63298000 rw-p 00000000 00:00 0 
7f2a63298000-7f2a6329b000 ---p 00000000 00:00 0 
7f2a6329b000-7f2a63399000 rw-p 00000000 00:00 0 
7f2a63399000-7f2a6339a000 ---p 00000000 00:00 0 
7f2a6339a000-7f2a63e12000 rw-p 00000000 00:00 0 
7f2a63e12000-7f2a63fe1000 r--s 03c1b000 08:01 4194888                    /home/ahmed/Android_Studio_Plus_Projects/android-studio/jre/jre/lib/rt.jar
7f2a63fe1000-7f2a67ae1000 rw-p 00000000 00:00 0 
7f2a67ae1000-7f2a67ae2000 ---p 00000000 00:00 0 
7f2a67ae2000-7f2a67be2000 rw-p 00000000 00:00 0 
7f2a67be2000-7f2a67be3000 ---p 00000000 00:00 0 
7f2a67be3000-7f2a67d01000 rw-p 00000000 00:00 0 
7f2a67d01000-7f2a67ee3000 ---p 00000000 00:00 0 
7f2a67ee3000-7f2a67f01000 rw-p 00000000 00:00 0 
7f2a67f01000-7f2a680e3000 ---p 00000000 00:00 0 
7f2a680e3000-7f2a6811b000 rw-p 00000000 00:00 0 
7f2a6811b000-7f2a681e3000 ---p 00000000 00:00 0 
7f2a681e3000-7f2a681fc000 rw-p 00000000 00:00 0 
7f2a681fc000-7f2a685a4000 ---p 00000000 00:00 0 
7f2a685a4000-7f2a68ba4000 rwxp 00000000 00:00 0 
7f2a68ba4000-7f2a775a4000 ---p 00000000 00:00 0 
7f2a775a4000-7f2a775be000 r-xp 00000000 08:01 4194915                    /home/ahmed/Android_Studio_Plus_Projects/android-studio/jre/jre/lib/amd64/libzip.so
7f2a775be000-7f2a777be000 ---p 0001a000 08:01 4194915                    /home/ahmed/Android_Studio_Plus_Projects/android-studio/jre/jre/lib/amd64/libzip.so
7f2a777be000-7f2a777bf000 r--p 0001a000 08:01 4194915                    /home/ahmed/Android_Studio_Plus_Projects/android-studio/jre/jre/lib/amd64/libzip.so
7f2a777bf000-7f2a777c0000 rw-p 0001b000 08:01 4194915                    /home/ahmed/Android_Studio_Plus_Projects/android-studio/jre/jre/lib/amd64/libzip.so
7f2a777c0000-7f2a777cb000 r-xp 00000000 08:01 13108705                   /lib/x86_64-linux-gnu/libnss_files-2.23.so
7f2a777cb000-7f2a779ca000 ---p 0000b000 08:01 13108705                   /lib/x86_64-linux-gnu/libnss_files-2.23.so
7f2a779ca000-7f2a779cb000 r--p 0000a000 08:01 13108705                   /lib/x86_64-linux-gnu/libnss_files-2.23.so
7f2a779cb000-7f2a779cc000 rw-p 0000b000 08:01 13108705                   /lib/x86_64-linux-gnu/libnss_files-2.23.so
7f2a779cc000-7f2a779d2000 rw-p 00000000 00:00 0 
7f2a779d2000-7f2a779dd000 r-xp 00000000 08:01 13115054                   /lib/x86_64-linux-gnu/libnss_nis-2.23.so
7f2a779dd000-7f2a77bdc000 ---p 0000b000 08:01 13115054                   /lib/x86_64-linux-gnu/libnss_nis-2.23.so
7f2a77bdc000-7f2a77bdd000 r--p 0000a000 08:01 13115054                   /lib/x86_64-linux-gnu/libnss_nis-2.23.so
7f2a77bdd000-7f2a77bde000 rw-p 0000b000 08:01 13115054                   /lib/x86_64-linux-gnu/libnss_nis-2.23.so
7f2a77bde000-7f2a77bf4000 r-xp 00000000 08:01 13108700                   /lib/x86_64-linux-gnu/libnsl-2.23.so
7f2a77bf4000-7f2a77df3000 ---p 00016000 08:01 13108700                   /lib/x86_64-linux-gnu/libnsl-2.23.so
7f2a77df3000-7f2a77df4000 r--p 00015000 08:01 13108700                   /lib/x86_64-linux-gnu/libnsl-2.23.so
7f2a77df4000-7f2a77df5000 rw-p 00016000 08:01 13108700                   /lib/x86_64-linux-gnu/libnsl-2.23.so
7f2a77df5000-7f2a77df7000 rw-p 00000000 00:00 0 
7f2a77df7000-7f2a77dff000 r-xp 00000000 08:01 13115060                   /lib/x86_64-linux-gnu/libnss_compat-2.23.so
7f2a77dff000-7f2a77ffe000 ---p 00008000 08:01 13115060                   /lib/x86_64-linux-gnu/libnss_compat-2.23.so
7f2a77ffe000-7f2a77fff000 r--p 00007000 08:01 13115060                   /lib/x86_64-linux-gnu/libnss_compat-2.23.so
7f2a77fff000-7f2a78000000 rw-p 00008000 08:01 13115060                   /lib/x86_64-linux-gnu/libnss_compat-2.23.so
7f2a78000000-7f2a78c83000 rw-p 00000000 00:00 0 
7f2a78c83000-7f2a7c000000 ---p 00000000 00:00 0 
7f2a7c000000-7f2a7c001000 r--s 00004000 08:01 11928341                   /home/ahmed/.gradle/wrapper/dists/gradle-3.3-all/55gk2rcmfc6p2dg9u9ohc3hw9/gradle-3.3/lib/native-platform-freebsd-amd64-libcpp-0.12.jar
7f2a7c001000-7f2a7c002000 r--s 00002000 08:01 11928330                   /home/ahmed/.gradle/wrapper/dists/gradle-3.3-all/55gk2rcmfc6p2dg9u9ohc3hw9/gradle-3.3/lib/gradle-docs-3.3.jar
7f2a7c002000-7f2a7c00f000 r--s 00083000 08:01 11928323                   /home/ahmed/.gradle/wrapper/dists/gradle-3.3-all/55gk2rcmfc6p2dg9u9ohc3hw9/gradle-3.3/lib/commons-collections-3.2.2.jar
7f2a7c00f000-7f2a7c0a6000 rw-p 00000000 00:00 0 
7f2a7c0a6000-7f2a7c0d3000 r-xp 00000000 08:01 4194925                    /home/ahmed/Android_Studio_Plus_Projects/android-studio/jre/jre/lib/amd64/libjava.so
7f2a7c0d3000-7f2a7c2d2000 ---p 0002d000 08:01 4194925                    /home/ahmed/Android_Studio_Plus_Projects/android-studio/jre/jre/lib/amd64/libjava.so
7f2a7c2d2000-7f2a7c2d3000 r--p 0002c000 08:01 4194925                    /home/ahmed/Android_Studio_Plus_Projects/android-studio/jre/jre/lib/amd64/libjava.so
7f2a7c2d3000-7f2a7c2d5000 rw-p 0002d000 08:01 4194925                    /home/ahmed/Android_Studio_Plus_Projects/android-studio/jre/jre/lib/amd64/libjava.so
7f2a7c2d5000-7f2a7c2e5000 r-xp 00000000 08:01 4194941                    /home/ahmed/Android_Studio_Plus_Projects/android-studio/jre/jre/lib/amd64/libverify.so
7f2a7c2e5000-7f2a7c4e4000 ---p 00010000 08:01 4194941                    /home/ahmed/Android_Studio_Plus_Projects/android-studio/jre/jre/lib/amd64/libverify.so
7f2a7c4e4000-7f2a7c4e6000 r--p 0000f000 08:01 4194941                    /home/ahmed/Android_Studio_Plus_Projects/android-studio/jre/jre/lib/amd64/libverify.so
7f2a7c4e6000-7f2a7c4e7000 rw-p 00011000 08:01 4194941                    /home/ahmed/Android_Studio_Plus_Projects/android-studio/jre/jre/lib/amd64/libverify.so
7f2a7c4e7000-7f2a7c4ee000 r-xp 00000000 08:01 13115056                   /lib/x86_64-linux-gnu/librt-2.23.so
7f2a7c4ee000-7f2a7c6ed000 ---p 00007000 08:01 13115056                   /lib/x86_64-linux-gnu/librt-2.23.so
7f2a7c6ed000-7f2a7c6ee000 r--p 00006000 08:01 13115056                   /lib/x86_64-linux-gnu/librt-2.23.so
7f2a7c6ee000-7f2a7c6ef000 rw-p 00007000 08:01 13115056                   /lib/x86_64-linux-gnu/librt-2.23.so
7f2a7c6ef000-7f2a7c7f7000 r-xp 00000000 08:01 13115065                   /lib/x86_64-linux-gnu/libm-2.23.so
7f2a7c7f7000-7f2a7c9f6000 ---p 00108000 08:01 13115065                   /lib/x86_64-linux-gnu/libm-2.23.so
7f2a7c9f6000-7f2a7c9f7000 r--p 00107000 08:01 13115065                   /lib/x86_64-linux-gnu/libm-2.23.so
7f2a7c9f7000-7f2a7c9f8000 rw-p 00108000 08:01 13115065                   /lib/x86_64-linux-gnu/libm-2.23.so
7f2a7c9f8000-7f2a7d5e9000 r-xp 00000000 08:01 4194945                    /home/ahmed/Android_Studio_Plus_Projects/android-studio/jre/jre/lib/amd64/server/libjvm.so
7f2a7d5e9000-7f2a7d7e9000 ---p 00bf1000 08:01 4194945                    /home/ahmed/Android_Studio_Plus_Projects/android-studio/jre/jre/lib/amd64/server/libjvm.so
7f2a7d7e9000-7f2a7d888000 r--p 00bf1000 08:01 4194945                    /home/ahmed/Android_Studio_Plus_Projects/android-studio/jre/jre/lib/amd64/server/libjvm.so
7f2a7d888000-7f2a7d8b1000 rw-p 00c90000 08:01 4194945                    /home/ahmed/Android_Studio_Plus_Projects/android-studio/jre/jre/lib/amd64/server/libjvm.so
7f2a7d8b1000-7f2a7d8f5000 rw-p 00000000 00:00 0 
7f2a7d8f5000-7f2a7d90d000 r-xp 00000000 08:01 13115053                   /lib/x86_64-linux-gnu/libpthread-2.23.so
7f2a7d90d000-7f2a7db0c000 ---p 00018000 08:01 13115053                   /lib/x86_64-linux-gnu/libpthread-2.23.so
7f2a7db0c000-7f2a7db0d000 r--p 00017000 08:01 13115053                   /lib/x86_64-linux-gnu/libpthread-2.23.so
7f2a7db0d000-7f2a7db0e000 rw-p 00018000 08:01 13115053                   /lib/x86_64-linux-gnu/libpthread-2.23.so
7f2a7db0e000-7f2a7db12000 rw-p 00000000 00:00 0 
7f2a7db12000-7f2a7db15000 r-xp 00000000 08:01 13115059                   /lib/x86_64-linux-gnu/libdl-2.23.so
7f2a7db15000-7f2a7dd14000 ---p 00003000 08:01 13115059                   /lib/x86_64-linux-gnu/libdl-2.23.so
7f2a7dd14000-7f2a7dd15000 r--p 00002000 08:01 13115059                   /lib/x86_64-linux-gnu/libdl-2.23.so
7f2a7dd15000-7f2a7dd16000 rw-p 00003000 08:01 13115059                   /lib/x86_64-linux-gnu/libdl-2.23.so
7f2a7dd16000-7f2a7ded6000 r-xp 00000000 08:01 13115070                   /lib/x86_64-linux-gnu/libc-2.23.so
7f2a7ded6000-7f2a7e0d6000 ---p 001c0000 08:01 13115070                   /lib/x86_64-linux-gnu/libc-2.23.so
7f2a7e0d6000-7f2a7e0da000 r--p 001c0000 08:01 13115070                   /lib/x86_64-linux-gnu/libc-2.23.so
7f2a7e0da000-7f2a7e0dc000 rw-p 001c4000 08:01 13115070                   /lib/x86_64-linux-gnu/libc-2.23.so
7f2a7e0dc000-7f2a7e0e0000 rw-p 00000000 00:00 0 
7f2a7e0e0000-7f2a7e0f6000 r-xp 00000000 08:01 4194805                    /home/ahmed/Android_Studio_Plus_Projects/android-studio/jre/lib/amd64/jli/libjli.so
7f2a7e0f6000-7f2a7e2f5000 ---p 00016000 08:01 4194805                    /home/ahmed/Android_Studio_Plus_Projects/android-studio/jre/lib/amd64/jli/libjli.so
7f2a7e2f5000-7f2a7e2f6000 r--p 00015000 08:01 4194805                    /home/ahmed/Android_Studio_Plus_Projects/android-studio/jre/lib/amd64/jli/libjli.so
7f2a7e2f6000-7f2a7e2f7000 rw-p 00016000 08:01 4194805                    /home/ahmed/Android_Studio_Plus_Projects/android-studio/jre/lib/amd64/jli/libjli.so
7f2a7e2f7000-7f2a7e31d000 r-xp 00000000 08:01 13108701                   /lib/x86_64-linux-gnu/ld-2.23.so
7f2a7e31d000-7f2a7e31e000 r--s 00000000 08:01 11928326                   /home/ahmed/.gradle/wrapper/dists/gradle-3.3-all/55gk2rcmfc6p2dg9u9ohc3hw9/gradle-3.3/lib/javax.inject-1.jar
7f2a7e31e000-7f2a7e31f000 r--s 00000000 08:01 11928325                   /home/ahmed/.gradle/wrapper/dists/gradle-3.3-all/55gk2rcmfc6p2dg9u9ohc3hw9/gradle-3.3/lib/jcip-annotations-1.0.jar
7f2a7e31f000-7f2a7e323000 r--s 00027000 08:01 11928324                   /home/ahmed/.gradle/wrapper/dists/gradle-3.3-all/55gk2rcmfc6p2dg9u9ohc3hw9/gradle-3.3/lib/commons-io-2.2.jar
7f2a7e323000-7f2a7e328000 r--s 00038000 08:01 11928321                   /home/ahmed/.gradle/wrapper/dists/gradle-3.3-all/55gk2rcmfc6p2dg9u9ohc3hw9/gradle-3.3/lib/asm-all-5.1.jar
7f2a7e328000-7f2a7e329000 r--s 00001000 08:01 11928317                   /home/ahmed/.gradle/wrapper/dists/gradle-3.3-all/55gk2rcmfc6p2dg9u9ohc3hw9/gradle-3.3/lib/gradle-process-services-3.3.jar
7f2a7e329000-7f2a7e32b000 r--s 00000000 08:01 11928307                   /home/ahmed/.gradle/wrapper/dists/gradle-3.3-all/55gk2rcmfc6p2dg9u9ohc3hw9/gradle-3.3/lib/gradle-jvm-services-3.3.jar
7f2a7e32b000-7f2a7e32c000 r--s 00000000 08:01 11928472                   /home/ahmed/.gradle/wrapper/dists/gradle-3.3-all/55gk2rcmfc6p2dg9u9ohc3hw9/gradle-3.3/lib/gradle-version-info-3.3.jar
7f2a7e32c000-7f2a7e335000 r--s 00042000 08:01 11928306                   /home/ahmed/.gradle/wrapper/dists/gradle-3.3-all/55gk2rcmfc6p2dg9u9ohc3hw9/gradle-3.3/lib/gradle-base-services-3.3.jar
7f2a7e335000-7f2a7e3f7000 rw-p 00000000 00:00 0 
7f2a7e3f7000-7f2a7e3fa000 ---p 00000000 00:00 0 
7f2a7e3fa000-7f2a7e4fc000 rw-p 00000000 00:00 0 
7f2a7e4fc000-7f2a7e501000 r--s 00041000 08:01 11928316                   /home/ahmed/.gradle/wrapper/dists/gradle-3.3-all/55gk2rcmfc6p2dg9u9ohc3hw9/gradle-3.3/lib/commons-lang-2.6.jar
7f2a7e501000-7f2a7e502000 r--s 00007000 08:01 11928314                   /home/ahmed/.gradle/wrapper/dists/gradle-3.3-all/55gk2rcmfc6p2dg9u9ohc3hw9/gradle-3.3/lib/slf4j-api-1.7.10.jar
7f2a7e502000-7f2a7e503000 r--s 00004000 08:01 11928339                   /home/ahmed/.gradle/wrapper/dists/gradle-3.3-all/55gk2rcmfc6p2dg9u9ohc3hw9/gradle-3.3/lib/ant-launcher-1.9.6.jar
7f2a7e503000-7f2a7e510000 r--s 0005c000 08:01 11928303                   /home/ahmed/.gradle/wrapper/dists/gradle-3.3-all/55gk2rcmfc6p2dg9u9ohc3hw9/gradle-3.3/lib/gradle-launcher-3.3.jar
7f2a7e510000-7f2a7e518000 rw-s 00000000 08:01 6824886                    /tmp/hsperfdata_ahmed/27540
7f2a7e518000-7f2a7e519000 rw-p 00000000 00:00 0 
7f2a7e519000-7f2a7e51a000 ---p 00000000 00:00 0 
7f2a7e51a000-7f2a7e51c000 rw-p 00000000 00:00 0 
7f2a7e51c000-7f2a7e51d000 r--p 00025000 08:01 13108701                   /lib/x86_64-linux-gnu/ld-2.23.so
7f2a7e51d000-7f2a7e51e000 rw-p 00026000 08:01 13108701                   /lib/x86_64-linux-gnu/ld-2.23.so
7f2a7e51e000-7f2a7e51f000 rw-p 00000000 00:00 0 
7fff116ee000-7fff11710000 rw-p 00000000 00:00 0                          [stack]
7fff117d0000-7fff117d2000 r--p 00000000 00:00 0                          [vvar]
7fff117d2000-7fff117d4000 r-xp 00000000 00:00 0                          [vdso]
ffffffffff600000-ffffffffff601000 r-xp 00000000 00:00 0                  [vsyscall]

VM Arguments:
jvm_args: -Xmx1536m -Dfile.encoding=UTF-8 -Duser.country=US -Duser.language=en -Duser.variant 
java_command: org.gradle.launcher.daemon.bootstrap.GradleDaemon 3.3
java_class_path (initial): /home/ahmed/.gradle/wrapper/dists/gradle-3.3-all/55gk2rcmfc6p2dg9u9ohc3hw9/gradle-3.3/lib/gradle-launcher-3.3.jar
Launcher Type: SUN_STANDARD

Environment Variables:
JAVA_HOME=/usr/lib/jvm/java-8-oracle
PATH=/home/ahmed/bin:/home/ahmed/.local/bin:/usr/local/sbin:/usr/local/bin:/usr/sbin:/usr/bin:/sbin:/bin:/usr/games:/usr/local/games:/snap/bin:/usr/lib/jvm/java-8-oracle/bin:/usr/lib/jvm/java-8-oracle/db/bin:/usr/lib/jvm/java-8-oracle/jre/bin
LD_LIBRARY_PATH=.:
SHELL=/bin/bash
DISPLAY=:0

Signal Handlers:
SIGSEGV: [libjvm.so+0x9e5150], sa_mask[0]=11111111011111111101111111111110, sa_flags=SA_RESTART|SA_SIGINFO
SIGBUS: [libjvm.so+0x9e5150], sa_mask[0]=11111111011111111101111111111110, sa_flags=SA_RESTART|SA_SIGINFO
SIGFPE: [libjvm.so+0x848450], sa_mask[0]=11111111011111111101111111111110, sa_flags=SA_RESTART|SA_SIGINFO
SIGPIPE: [libjvm.so+0x848450], sa_mask[0]=11111111011111111101111111111110, sa_flags=SA_RESTART|SA_SIGINFO
SIGXFSZ: [libjvm.so+0x848450], sa_mask[0]=11111111011111111101111111111110, sa_flags=SA_RESTART|SA_SIGINFO
SIGILL: [libjvm.so+0x848450], sa_mask[0]=11111111011111111101111111111110, sa_flags=SA_RESTART|SA_SIGINFO
SIGUSR1: SIG_DFL, sa_mask[0]=00000000000000000000000000000000, sa_flags=none
SIGUSR2: [libjvm.so+0x848320], sa_mask[0]=00100000000000000000000000000000, sa_flags=SA_RESTART|SA_SIGINFO
SIGHUP: [libjvm.so+0x848510], sa_mask[0]=11111111011111111101111111111110, sa_flags=SA_RESTART|SA_SIGINFO
SIGINT: [libjvm.so+0x848510], sa_mask[0]=11111111011111111101111111111110, sa_flags=SA_RESTART|SA_SIGINFO
SIGTERM: [libjvm.so+0x848510], sa_mask[0]=11111111011111111101111111111110, sa_flags=SA_RESTART|SA_SIGINFO
SIGQUIT: [libjvm.so+0x848510], sa_mask[0]=11111111011111111101111111111110, sa_flags=SA_RESTART|SA_SIGINFO


---------------  S Y S T E M  ---------------

OS:DISTRIB_ID=Ubuntu
DISTRIB_RELEASE=16.04
DISTRIB_CODENAME=xenial
DISTRIB_DESCRIPTION="Ubuntu 16.04.2 LTS"

uname:Linux 4.10.0-33-generic #37~16.04.1-Ubuntu SMP Fri Aug 11 14:07:24 UTC 2017 x86_64
libc:glibc 2.23 NPTL 2.23 
rlimit: STACK 8192k, CORE 0k, NPROC 22492, NOFILE 65536, AS infinity
load average:2.02 2.29 1.97

/proc/meminfo:
MemTotal:        5802548 kB
MemFree:         1260680 kB
MemAvailable:    2581876 kB
Buffers:          299844 kB
Cached:           909744 kB
SwapCached:       103672 kB
Active:          2889824 kB
Inactive:         846604 kB
Active(anon):    2429252 kB
Inactive(anon):   307420 kB
Active(file):     460572 kB
Inactive(file):   539184 kB
Unevictable:         408 kB
Mlocked:             408 kB
SwapTotal:       5983228 kB
SwapFree:        5214680 kB
Dirty:               344 kB
Writeback:             0 kB
AnonPages:       2511520 kB
Mapped:           293364 kB
Shmem:            209784 kB
Slab:             673132 kB
SReclaimable:     616656 kB
SUnreclaim:        56476 kB
KernelStack:       12016 kB
PageTables:        56856 kB
NFS_Unstable:          0 kB
Bounce:                0 kB
WritebackTmp:          0 kB
CommitLimit:     8884500 kB
Committed_AS:    9739152 kB
VmallocTotal:   34359738367 kB
VmallocUsed:           0 kB
VmallocChunk:          0 kB
HardwareCorrupted:     0 kB
AnonHugePages:    542720 kB
ShmemHugePages:        0 kB
ShmemPmdMapped:        0 kB
CmaTotal:              0 kB
CmaFree:               0 kB
HugePages_Total:       0
HugePages_Free:        0
HugePages_Rsvd:        0
HugePages_Surp:        0
Hugepagesize:       2048 kB
DirectMap4k:      632760 kB
DirectMap2M:     5351424 kB


CPU:total 2 (2 cores per cpu, 1 threads per core) family 6 model 42 stepping 7, cmov, cx8, fxsr, mmx, sse, sse2, sse3, ssse3, sse4.1, sse4.2, popcnt, clmul, tsc, tscinvbit

/proc/cpuinfo:
processor	: 0
vendor_id	: GenuineIntel
cpu family	: 6
model		: 42
model name	: Intel(R) Celeron(R) CPU 847 @ 1.10GHz
stepping	: 7
microcode	: 0x29
cpu MHz		: 1099.932
cache size	: 2048 KB
physical id	: 0
siblings	: 2
core id		: 0
cpu cores	: 2
apicid		: 0
initial apicid	: 0
fpu		: yes
fpu_exception	: yes
cpuid level	: 13
wp		: yes
flags		: fpu vme de pse tsc msr pae mce cx8 apic sep mtrr pge mca cmov pat pse36 clflush dts acpi mmx fxsr sse sse2 ss ht tm pbe syscall nx rdtscp lm constant_tsc arch_perfmon pebs bts rep_good nopl xtopology nonstop_tsc aperfmperf pni pclmulqdq dtes64 monitor ds_cpl vmx est tm2 ssse3 cx16 xtpr pdcm pcid sse4_1 sse4_2 x2apic popcnt tsc_deadline_timer xsave lahf_lm epb tpr_shadow vnmi flexpriority ept vpid xsaveopt dtherm arat pln pts
bugs		:
bogomips	: 2195.07
clflush size	: 64
cache_alignment	: 64
address sizes	: 36 bits physical, 48 bits virtual
power management:

processor	: 1
vendor_id	: GenuineIntel
cpu family	: 6
model		: 42
model name	: Intel(R) Celeron(R) CPU 847 @ 1.10GHz
stepping	: 7
microcode	: 0x29
cpu MHz		: 1099.932
cache size	: 2048 KB
physical id	: 0
siblings	: 2
core id		: 1
cpu cores	: 2
apicid		: 2
initial apicid	: 2
fpu		: yes
fpu_exception	: yes
cpuid level	: 13
wp		: yes
flags		: fpu vme de pse tsc msr pae mce cx8 apic sep mtrr pge mca cmov pat pse36 clflush dts acpi mmx fxsr sse sse2 ss ht tm pbe syscall nx rdtscp lm constant_tsc arch_perfmon pebs bts rep_good nopl xtopology nonstop_tsc aperfmperf pni pclmulqdq dtes64 monitor ds_cpl vmx est tm2 ssse3 cx16 xtpr pdcm pcid sse4_1 sse4_2 x2apic popcnt tsc_deadline_timer xsave lahf_lm epb tpr_shadow vnmi flexpriority ept vpid xsaveopt dtherm arat pln pts
bugs		:
bogomips	: 2195.07
clflush size	: 64
cache_alignment	: 64
address sizes	: 36 bits physical, 48 bits virtual
power management:



Memory: 4k page, physical 5802548k(1260680k free), swap 5983228k(5214680k free)

vm_info: OpenJDK 64-Bit Server VM (25.112-b06) for linux-amd64 JRE (1.8.0_112-release-b06), built on Dec  6 2016 12:11:18 by "builder" with gcc 4.8.4

time: Fri Sep 15 13:54:17 2017
elapsed time: 9 seconds (0d 0h 0m 9s)

